22:34:06 => Application started


 ARRAY LIST   SIZE - 5


ADD; ID = 1; TIME = 26432900
ADD; ID = 2; TIME = 2236400
ADD; ID = 3; TIME = 1594000
ADD; ID = 4; TIME = 1169600
ADD; ID = 5; TIME = 1394200

Operation ADD Total count = 5

Operation ADD Total time = 32827100

Operation ADD Medium time = 6565420
REMOVE; ID = 3; TIME = 67100

Operation REMOVE Total count = 1

Operation REMOVE Total time = 67100

Operation REMOVE Medium time = 67100


 ARRAY LIST   SIZE - 10


ADD; ID = 6; TIME = 1286000
ADD; ID = 7; TIME = 1410700
ADD; ID = 8; TIME = 1048100
ADD; ID = 9; TIME = 748400
ADD; ID = 10; TIME = 636800
ADD; ID = 11; TIME = 1133000
ADD; ID = 12; TIME = 1114700
ADD; ID = 13; TIME = 767600
ADD; ID = 14; TIME = 785100
ADD; ID = 15; TIME = 625800

Operation ADD Total count = 10

Operation ADD Total time = 9556200

Operation ADD Medium time = 955620
REMOVE; ID = 6; TIME = 15600
REMOVE; ID = 7; TIME = 9300

Operation REMOVE Total count = 2

Operation REMOVE Total time = 24900

Operation REMOVE Medium time = 12450


 ARRAY LIST   SIZE - 100


ADD; ID = 16; TIME = 496800
ADD; ID = 17; TIME = 375300
ADD; ID = 18; TIME = 375000
ADD; ID = 19; TIME = 436700
ADD; ID = 20; TIME = 471500
ADD; ID = 21; TIME = 395200
ADD; ID = 22; TIME = 426300
ADD; ID = 23; TIME = 311200
ADD; ID = 24; TIME = 444400
ADD; ID = 25; TIME = 514200
ADD; ID = 26; TIME = 418300
ADD; ID = 27; TIME = 461000
ADD; ID = 28; TIME = 460700
ADD; ID = 29; TIME = 498200
ADD; ID = 30; TIME = 255700
ADD; ID = 31; TIME = 278600
ADD; ID = 32; TIME = 368600
ADD; ID = 33; TIME = 380200
ADD; ID = 34; TIME = 442000
ADD; ID = 35; TIME = 316700
ADD; ID = 36; TIME = 388000
ADD; ID = 37; TIME = 376200
ADD; ID = 38; TIME = 264400
ADD; ID = 39; TIME = 350100
ADD; ID = 40; TIME = 200300
ADD; ID = 41; TIME = 245700
ADD; ID = 42; TIME = 248700
ADD; ID = 43; TIME = 185700
ADD; ID = 44; TIME = 164600
ADD; ID = 45; TIME = 164000
ADD; ID = 46; TIME = 143200
ADD; ID = 47; TIME = 146600
ADD; ID = 48; TIME = 123300
ADD; ID = 49; TIME = 156300
ADD; ID = 50; TIME = 170900
ADD; ID = 51; TIME = 191600
ADD; ID = 52; TIME = 191900
ADD; ID = 53; TIME = 276300
ADD; ID = 54; TIME = 120000
ADD; ID = 55; TIME = 185700
ADD; ID = 56; TIME = 141400
ADD; ID = 57; TIME = 235000
ADD; ID = 58; TIME = 186400
ADD; ID = 59; TIME = 181300
ADD; ID = 60; TIME = 263700
ADD; ID = 61; TIME = 131900
ADD; ID = 62; TIME = 145400
ADD; ID = 63; TIME = 160500
ADD; ID = 64; TIME = 203500
ADD; ID = 65; TIME = 150900
ADD; ID = 66; TIME = 145600
ADD; ID = 67; TIME = 149000
ADD; ID = 68; TIME = 139700
ADD; ID = 69; TIME = 131200
ADD; ID = 70; TIME = 145200
ADD; ID = 71; TIME = 155700
ADD; ID = 72; TIME = 153000
ADD; ID = 73; TIME = 112500
ADD; ID = 74; TIME = 146400
ADD; ID = 75; TIME = 139500
ADD; ID = 76; TIME = 145700
ADD; ID = 77; TIME = 226600
ADD; ID = 78; TIME = 159000
ADD; ID = 79; TIME = 151700
ADD; ID = 80; TIME = 216000
ADD; ID = 81; TIME = 184000
ADD; ID = 82; TIME = 138800
ADD; ID = 83; TIME = 158800
ADD; ID = 84; TIME = 137300
ADD; ID = 85; TIME = 147200
ADD; ID = 86; TIME = 123100
ADD; ID = 87; TIME = 158900
ADD; ID = 88; TIME = 144100
ADD; ID = 89; TIME = 151400
ADD; ID = 90; TIME = 181200
ADD; ID = 91; TIME = 149700
ADD; ID = 92; TIME = 142200
ADD; ID = 93; TIME = 150500
ADD; ID = 94; TIME = 156400
ADD; ID = 95; TIME = 137100
ADD; ID = 96; TIME = 164000
ADD; ID = 97; TIME = 138700
ADD; ID = 98; TIME = 223300
ADD; ID = 99; TIME = 136300
ADD; ID = 100; TIME = 141800
ADD; ID = 101; TIME = 152000
ADD; ID = 102; TIME = 144900
ADD; ID = 103; TIME = 141300
ADD; ID = 104; TIME = 178200
ADD; ID = 105; TIME = 124400
ADD; ID = 106; TIME = 143000
ADD; ID = 107; TIME = 137100
ADD; ID = 108; TIME = 178800
ADD; ID = 109; TIME = 157200
ADD; ID = 110; TIME = 142900
ADD; ID = 111; TIME = 158100
ADD; ID = 112; TIME = 171000
ADD; ID = 113; TIME = 228500
ADD; ID = 114; TIME = 167900
ADD; ID = 115; TIME = 204200

Operation ADD Total count = 100

Operation ADD Total time = 22031200

Operation ADD Medium time = 220312
REMOVE; ID = 91; TIME = 9600
REMOVE; ID = 105; TIME = 10700
REMOVE; ID = 61; TIME = 10300
REMOVE; ID = 74; TIME = 10700
REMOVE; ID = 45; TIME = 10300
REMOVE; ID = 82; TIME = 11400
REMOVE; ID = 81; TIME = 12900
REMOVE; ID = 78; TIME = 9100
REMOVE; ID = 64; TIME = 10600
REMOVE; ID = 92; TIME = 10800
REMOVE; ID = 78; TIME = 10200

Operation REMOVE Total count = 11

Operation REMOVE Total time = 116600

Operation REMOVE Medium time = 10600


 ARRAY LIST   SIZE - 1000


ADD; ID = 116; TIME = 184800
ADD; ID = 117; TIME = 174400
ADD; ID = 118; TIME = 143800
ADD; ID = 119; TIME = 111700
ADD; ID = 120; TIME = 140500
ADD; ID = 121; TIME = 146700
ADD; ID = 122; TIME = 185000
ADD; ID = 123; TIME = 140300
ADD; ID = 124; TIME = 142000
ADD; ID = 125; TIME = 149900
ADD; ID = 126; TIME = 205900
ADD; ID = 127; TIME = 218400
ADD; ID = 128; TIME = 167300
ADD; ID = 129; TIME = 344600
ADD; ID = 130; TIME = 221700
ADD; ID = 131; TIME = 223000
ADD; ID = 132; TIME = 140100
ADD; ID = 133; TIME = 203500
ADD; ID = 134; TIME = 206400
ADD; ID = 135; TIME = 205400
ADD; ID = 136; TIME = 200400
ADD; ID = 137; TIME = 223900
ADD; ID = 138; TIME = 136700
ADD; ID = 139; TIME = 205000
ADD; ID = 140; TIME = 162800
ADD; ID = 141; TIME = 151000
ADD; ID = 142; TIME = 155300
ADD; ID = 143; TIME = 115800
ADD; ID = 144; TIME = 123400
ADD; ID = 145; TIME = 219900
ADD; ID = 146; TIME = 180700
ADD; ID = 147; TIME = 142900
ADD; ID = 148; TIME = 165600
ADD; ID = 149; TIME = 136800
ADD; ID = 150; TIME = 151600
ADD; ID = 151; TIME = 142700
ADD; ID = 152; TIME = 212500
ADD; ID = 153; TIME = 231300
ADD; ID = 154; TIME = 155300
ADD; ID = 155; TIME = 183300
ADD; ID = 156; TIME = 202800
ADD; ID = 157; TIME = 169300
ADD; ID = 158; TIME = 140700
ADD; ID = 159; TIME = 131200
ADD; ID = 160; TIME = 151900
ADD; ID = 161; TIME = 243900
ADD; ID = 162; TIME = 162300
ADD; ID = 163; TIME = 200700
ADD; ID = 164; TIME = 110700
ADD; ID = 165; TIME = 155700
ADD; ID = 166; TIME = 153300
ADD; ID = 167; TIME = 3354900
ADD; ID = 168; TIME = 144100
ADD; ID = 169; TIME = 109500
ADD; ID = 170; TIME = 122500
ADD; ID = 171; TIME = 195300
ADD; ID = 172; TIME = 141300
ADD; ID = 173; TIME = 104200
ADD; ID = 174; TIME = 165800
ADD; ID = 175; TIME = 131800
ADD; ID = 176; TIME = 119900
ADD; ID = 177; TIME = 117800
ADD; ID = 178; TIME = 108600
ADD; ID = 179; TIME = 101400
ADD; ID = 180; TIME = 173400
ADD; ID = 181; TIME = 98900
ADD; ID = 182; TIME = 112900
ADD; ID = 183; TIME = 145100
ADD; ID = 184; TIME = 136000
ADD; ID = 185; TIME = 156200
ADD; ID = 186; TIME = 131100
ADD; ID = 187; TIME = 162700
ADD; ID = 188; TIME = 226600
ADD; ID = 189; TIME = 137900
ADD; ID = 190; TIME = 98700
ADD; ID = 191; TIME = 124000
ADD; ID = 192; TIME = 109000
ADD; ID = 193; TIME = 100800
ADD; ID = 194; TIME = 98900
ADD; ID = 195; TIME = 106600
ADD; ID = 196; TIME = 171700
ADD; ID = 197; TIME = 97400
ADD; ID = 198; TIME = 125600
ADD; ID = 199; TIME = 149000
ADD; ID = 200; TIME = 179400
ADD; ID = 201; TIME = 110600
ADD; ID = 202; TIME = 87400
ADD; ID = 203; TIME = 134000
ADD; ID = 204; TIME = 167500
ADD; ID = 205; TIME = 147700
ADD; ID = 206; TIME = 233200
ADD; ID = 207; TIME = 191000
ADD; ID = 208; TIME = 143400
ADD; ID = 209; TIME = 93600
ADD; ID = 210; TIME = 97100
ADD; ID = 211; TIME = 108900
ADD; ID = 212; TIME = 71900
ADD; ID = 213; TIME = 92100
ADD; ID = 214; TIME = 95900
ADD; ID = 215; TIME = 97400
ADD; ID = 216; TIME = 105100
ADD; ID = 217; TIME = 135000
ADD; ID = 218; TIME = 111700
ADD; ID = 219; TIME = 104300
ADD; ID = 220; TIME = 145600
ADD; ID = 221; TIME = 106000
ADD; ID = 222; TIME = 87900
ADD; ID = 223; TIME = 93400
ADD; ID = 224; TIME = 104800
ADD; ID = 225; TIME = 92900
ADD; ID = 226; TIME = 88900
ADD; ID = 227; TIME = 84800
ADD; ID = 228; TIME = 85100
ADD; ID = 229; TIME = 90300
ADD; ID = 230; TIME = 116600
ADD; ID = 231; TIME = 106100
ADD; ID = 232; TIME = 103400
ADD; ID = 233; TIME = 85300
ADD; ID = 234; TIME = 82700
ADD; ID = 235; TIME = 98000
ADD; ID = 236; TIME = 105800
ADD; ID = 237; TIME = 91400
ADD; ID = 238; TIME = 93200
ADD; ID = 239; TIME = 83800
ADD; ID = 240; TIME = 89500
ADD; ID = 241; TIME = 94700
ADD; ID = 242; TIME = 95500
ADD; ID = 243; TIME = 87200
ADD; ID = 244; TIME = 101200
ADD; ID = 245; TIME = 85000
ADD; ID = 246; TIME = 84600
ADD; ID = 247; TIME = 89000
ADD; ID = 248; TIME = 101900
ADD; ID = 249; TIME = 87900
ADD; ID = 250; TIME = 83000
ADD; ID = 251; TIME = 91700
ADD; ID = 252; TIME = 139800
ADD; ID = 253; TIME = 94100
ADD; ID = 254; TIME = 94600
ADD; ID = 255; TIME = 85500
ADD; ID = 256; TIME = 132600
ADD; ID = 257; TIME = 92100
ADD; ID = 258; TIME = 92200
ADD; ID = 259; TIME = 98000
ADD; ID = 260; TIME = 91200
ADD; ID = 261; TIME = 78100
ADD; ID = 262; TIME = 91300
ADD; ID = 263; TIME = 106700
ADD; ID = 264; TIME = 88000
ADD; ID = 265; TIME = 89700
ADD; ID = 266; TIME = 98700
ADD; ID = 267; TIME = 87100
ADD; ID = 268; TIME = 96800
ADD; ID = 269; TIME = 90400
ADD; ID = 270; TIME = 72600
ADD; ID = 271; TIME = 95600
ADD; ID = 272; TIME = 147100
ADD; ID = 273; TIME = 153300
ADD; ID = 274; TIME = 107900
ADD; ID = 275; TIME = 97400
ADD; ID = 276; TIME = 96300
ADD; ID = 277; TIME = 87700
ADD; ID = 278; TIME = 91000
ADD; ID = 279; TIME = 104400
ADD; ID = 280; TIME = 88300
ADD; ID = 281; TIME = 88600
ADD; ID = 282; TIME = 93700
ADD; ID = 283; TIME = 99100
ADD; ID = 284; TIME = 90200
ADD; ID = 285; TIME = 107700
ADD; ID = 286; TIME = 94000
ADD; ID = 287; TIME = 93900
ADD; ID = 288; TIME = 72700
ADD; ID = 289; TIME = 97000
ADD; ID = 290; TIME = 90800
ADD; ID = 291; TIME = 84700
ADD; ID = 292; TIME = 91000
ADD; ID = 293; TIME = 91300
ADD; ID = 294; TIME = 76100
ADD; ID = 295; TIME = 89700
ADD; ID = 296; TIME = 89300
ADD; ID = 297; TIME = 81900
ADD; ID = 298; TIME = 65800
ADD; ID = 299; TIME = 90900
ADD; ID = 300; TIME = 77700
ADD; ID = 301; TIME = 74300
ADD; ID = 302; TIME = 97500
ADD; ID = 303; TIME = 85200
ADD; ID = 304; TIME = 94400
ADD; ID = 305; TIME = 99800
ADD; ID = 306; TIME = 92000
ADD; ID = 307; TIME = 92000
ADD; ID = 308; TIME = 116000
ADD; ID = 309; TIME = 87000
ADD; ID = 310; TIME = 82100
ADD; ID = 311; TIME = 92300
ADD; ID = 312; TIME = 85200
ADD; ID = 313; TIME = 83300
ADD; ID = 314; TIME = 91800
ADD; ID = 315; TIME = 85800
ADD; ID = 316; TIME = 92900
ADD; ID = 317; TIME = 87700
ADD; ID = 318; TIME = 95600
ADD; ID = 319; TIME = 93700
ADD; ID = 320; TIME = 89100
ADD; ID = 321; TIME = 89200
ADD; ID = 322; TIME = 79800
ADD; ID = 323; TIME = 106000
ADD; ID = 324; TIME = 92100
ADD; ID = 325; TIME = 78900
ADD; ID = 326; TIME = 109500
ADD; ID = 327; TIME = 140200
ADD; ID = 328; TIME = 90700
ADD; ID = 329; TIME = 109600
ADD; ID = 330; TIME = 118800
ADD; ID = 331; TIME = 111400
ADD; ID = 332; TIME = 83600
ADD; ID = 333; TIME = 151300
ADD; ID = 334; TIME = 105000
ADD; ID = 335; TIME = 92700
ADD; ID = 336; TIME = 88500
ADD; ID = 337; TIME = 104300
ADD; ID = 338; TIME = 80100
ADD; ID = 339; TIME = 75400
ADD; ID = 340; TIME = 91200
ADD; ID = 341; TIME = 91200
ADD; ID = 342; TIME = 86500
ADD; ID = 343; TIME = 82700
ADD; ID = 344; TIME = 96500
ADD; ID = 345; TIME = 95600
ADD; ID = 346; TIME = 120100
ADD; ID = 347; TIME = 99700
ADD; ID = 348; TIME = 110100
ADD; ID = 349; TIME = 71900
ADD; ID = 350; TIME = 96800
ADD; ID = 351; TIME = 101200
ADD; ID = 352; TIME = 90300
ADD; ID = 353; TIME = 120200
ADD; ID = 354; TIME = 110000
ADD; ID = 355; TIME = 90700
ADD; ID = 356; TIME = 103000
ADD; ID = 357; TIME = 97300
ADD; ID = 358; TIME = 83700
ADD; ID = 359; TIME = 111200
ADD; ID = 360; TIME = 68700
ADD; ID = 361; TIME = 113400
ADD; ID = 362; TIME = 84500
ADD; ID = 363; TIME = 79000
ADD; ID = 364; TIME = 79800
ADD; ID = 365; TIME = 102000
ADD; ID = 366; TIME = 100600
ADD; ID = 367; TIME = 106100
ADD; ID = 368; TIME = 90900
ADD; ID = 369; TIME = 102600
ADD; ID = 370; TIME = 146500
ADD; ID = 371; TIME = 107800
ADD; ID = 372; TIME = 94300
ADD; ID = 373; TIME = 86200
ADD; ID = 374; TIME = 92400
ADD; ID = 375; TIME = 83700
ADD; ID = 376; TIME = 103700
ADD; ID = 377; TIME = 100900
ADD; ID = 378; TIME = 89100
ADD; ID = 379; TIME = 75300
ADD; ID = 380; TIME = 101600
ADD; ID = 381; TIME = 167500
ADD; ID = 382; TIME = 97600
ADD; ID = 383; TIME = 105700
ADD; ID = 384; TIME = 113600
ADD; ID = 385; TIME = 142900
ADD; ID = 386; TIME = 103600
ADD; ID = 387; TIME = 116600
ADD; ID = 388; TIME = 90000
ADD; ID = 389; TIME = 84200
ADD; ID = 390; TIME = 95800
ADD; ID = 391; TIME = 188200
ADD; ID = 392; TIME = 96300
ADD; ID = 393; TIME = 112700
ADD; ID = 394; TIME = 128600
ADD; ID = 395; TIME = 136900
ADD; ID = 396; TIME = 112800
ADD; ID = 397; TIME = 99200
ADD; ID = 398; TIME = 135400
ADD; ID = 399; TIME = 122900
ADD; ID = 400; TIME = 173600
ADD; ID = 401; TIME = 131000
ADD; ID = 402; TIME = 146600
ADD; ID = 403; TIME = 115200
ADD; ID = 404; TIME = 114400
ADD; ID = 405; TIME = 139200
ADD; ID = 406; TIME = 169700
ADD; ID = 407; TIME = 176100
ADD; ID = 408; TIME = 196200
ADD; ID = 409; TIME = 167400
ADD; ID = 410; TIME = 127100
ADD; ID = 411; TIME = 132800
ADD; ID = 412; TIME = 120500
ADD; ID = 413; TIME = 110000
ADD; ID = 414; TIME = 121400
ADD; ID = 415; TIME = 128800
ADD; ID = 416; TIME = 154700
ADD; ID = 417; TIME = 146000
ADD; ID = 418; TIME = 166200
ADD; ID = 419; TIME = 126400
ADD; ID = 420; TIME = 113800
ADD; ID = 421; TIME = 129300
ADD; ID = 422; TIME = 133800
ADD; ID = 423; TIME = 147000
ADD; ID = 424; TIME = 113500
ADD; ID = 425; TIME = 119800
ADD; ID = 426; TIME = 133100
ADD; ID = 427; TIME = 144100
ADD; ID = 428; TIME = 135700
ADD; ID = 429; TIME = 132900
ADD; ID = 430; TIME = 135900
ADD; ID = 431; TIME = 200300
ADD; ID = 432; TIME = 209100
ADD; ID = 433; TIME = 132700
ADD; ID = 434; TIME = 197300
ADD; ID = 435; TIME = 115800
ADD; ID = 436; TIME = 153600
ADD; ID = 437; TIME = 105500
ADD; ID = 438; TIME = 121100
ADD; ID = 439; TIME = 124900
ADD; ID = 440; TIME = 147200
ADD; ID = 441; TIME = 142300
ADD; ID = 442; TIME = 110300
ADD; ID = 443; TIME = 107500
ADD; ID = 444; TIME = 133200
ADD; ID = 445; TIME = 116300
ADD; ID = 446; TIME = 129200
ADD; ID = 447; TIME = 116100
ADD; ID = 448; TIME = 121900
ADD; ID = 449; TIME = 139700
ADD; ID = 450; TIME = 205800
ADD; ID = 451; TIME = 127300
ADD; ID = 452; TIME = 134800
ADD; ID = 453; TIME = 156900
ADD; ID = 454; TIME = 132000
ADD; ID = 455; TIME = 147400
ADD; ID = 456; TIME = 103800
ADD; ID = 457; TIME = 123500
ADD; ID = 458; TIME = 124600
ADD; ID = 459; TIME = 117600
ADD; ID = 460; TIME = 142500
ADD; ID = 461; TIME = 118300
ADD; ID = 462; TIME = 153700
ADD; ID = 463; TIME = 136900
ADD; ID = 464; TIME = 123800
ADD; ID = 465; TIME = 106000
ADD; ID = 466; TIME = 107500
ADD; ID = 467; TIME = 142700
ADD; ID = 468; TIME = 113800
ADD; ID = 469; TIME = 117300
ADD; ID = 470; TIME = 115900
ADD; ID = 471; TIME = 125500
ADD; ID = 472; TIME = 131500
ADD; ID = 473; TIME = 131200
ADD; ID = 474; TIME = 157300
ADD; ID = 475; TIME = 114400
ADD; ID = 476; TIME = 123800
ADD; ID = 477; TIME = 148400
ADD; ID = 478; TIME = 125200
ADD; ID = 479; TIME = 145000
ADD; ID = 480; TIME = 163900
ADD; ID = 481; TIME = 133500
ADD; ID = 482; TIME = 109100
ADD; ID = 483; TIME = 139200
ADD; ID = 484; TIME = 138900
ADD; ID = 485; TIME = 121300
ADD; ID = 486; TIME = 130400
ADD; ID = 487; TIME = 142900
ADD; ID = 488; TIME = 131500
ADD; ID = 489; TIME = 123500
ADD; ID = 490; TIME = 136600
ADD; ID = 491; TIME = 132800
ADD; ID = 492; TIME = 138400
ADD; ID = 493; TIME = 142200
ADD; ID = 494; TIME = 152400
ADD; ID = 495; TIME = 119300
ADD; ID = 496; TIME = 128600
ADD; ID = 497; TIME = 118300
ADD; ID = 498; TIME = 194600
ADD; ID = 499; TIME = 153200
ADD; ID = 500; TIME = 170300
ADD; ID = 501; TIME = 124100
ADD; ID = 502; TIME = 143800
ADD; ID = 503; TIME = 132700
ADD; ID = 504; TIME = 112200
ADD; ID = 505; TIME = 105400
ADD; ID = 506; TIME = 126300
ADD; ID = 507; TIME = 146500
ADD; ID = 508; TIME = 113500
ADD; ID = 509; TIME = 102400
ADD; ID = 510; TIME = 119400
ADD; ID = 511; TIME = 143900
ADD; ID = 512; TIME = 116000
ADD; ID = 513; TIME = 142200
ADD; ID = 514; TIME = 143200
ADD; ID = 515; TIME = 132500
ADD; ID = 516; TIME = 129200
ADD; ID = 517; TIME = 122100
ADD; ID = 518; TIME = 146800
ADD; ID = 519; TIME = 130100
ADD; ID = 520; TIME = 123200
ADD; ID = 521; TIME = 119800
ADD; ID = 522; TIME = 174200
ADD; ID = 523; TIME = 162900
ADD; ID = 524; TIME = 259900
ADD; ID = 525; TIME = 150600
ADD; ID = 526; TIME = 148600
ADD; ID = 527; TIME = 159900
ADD; ID = 528; TIME = 226700
ADD; ID = 529; TIME = 188200
ADD; ID = 530; TIME = 209700
ADD; ID = 531; TIME = 196800
ADD; ID = 532; TIME = 157600
ADD; ID = 533; TIME = 154200
ADD; ID = 534; TIME = 164700
ADD; ID = 535; TIME = 151100
ADD; ID = 536; TIME = 182400
ADD; ID = 537; TIME = 160000
ADD; ID = 538; TIME = 162200
ADD; ID = 539; TIME = 121300
ADD; ID = 540; TIME = 130300
ADD; ID = 541; TIME = 117100
ADD; ID = 542; TIME = 178100
ADD; ID = 543; TIME = 117500
ADD; ID = 544; TIME = 131500
ADD; ID = 545; TIME = 148300
ADD; ID = 546; TIME = 122900
ADD; ID = 547; TIME = 123700
ADD; ID = 548; TIME = 176200
ADD; ID = 549; TIME = 116200
ADD; ID = 550; TIME = 135000
ADD; ID = 551; TIME = 141200
ADD; ID = 552; TIME = 127900
ADD; ID = 553; TIME = 180600
ADD; ID = 554; TIME = 141900
ADD; ID = 555; TIME = 122700
ADD; ID = 556; TIME = 155400
ADD; ID = 557; TIME = 122900
ADD; ID = 558; TIME = 122700
ADD; ID = 559; TIME = 148700
ADD; ID = 560; TIME = 130700
ADD; ID = 561; TIME = 152400
ADD; ID = 562; TIME = 127900
ADD; ID = 563; TIME = 125100
ADD; ID = 564; TIME = 135500
ADD; ID = 565; TIME = 136900
ADD; ID = 566; TIME = 115800
ADD; ID = 567; TIME = 126600
ADD; ID = 568; TIME = 4708600
ADD; ID = 569; TIME = 80700
ADD; ID = 570; TIME = 86300
ADD; ID = 571; TIME = 83000
ADD; ID = 572; TIME = 93200
ADD; ID = 573; TIME = 110900
ADD; ID = 574; TIME = 164700
ADD; ID = 575; TIME = 125100
ADD; ID = 576; TIME = 88200
ADD; ID = 577; TIME = 89700
ADD; ID = 578; TIME = 80500
ADD; ID = 579; TIME = 129100
ADD; ID = 580; TIME = 98600
ADD; ID = 581; TIME = 93800
ADD; ID = 582; TIME = 98300
ADD; ID = 583; TIME = 112700
ADD; ID = 584; TIME = 97100
ADD; ID = 585; TIME = 94600
ADD; ID = 586; TIME = 101000
ADD; ID = 587; TIME = 94000
ADD; ID = 588; TIME = 88300
ADD; ID = 589; TIME = 97700
ADD; ID = 590; TIME = 112200
ADD; ID = 591; TIME = 93900
ADD; ID = 592; TIME = 75900
ADD; ID = 593; TIME = 93900
ADD; ID = 594; TIME = 83500
ADD; ID = 595; TIME = 90000
ADD; ID = 596; TIME = 94600
ADD; ID = 597; TIME = 95200
ADD; ID = 598; TIME = 89800
ADD; ID = 599; TIME = 72700
ADD; ID = 600; TIME = 91800
ADD; ID = 601; TIME = 128100
ADD; ID = 602; TIME = 103700
ADD; ID = 603; TIME = 102400
ADD; ID = 604; TIME = 73700
ADD; ID = 605; TIME = 88900
ADD; ID = 606; TIME = 84300
ADD; ID = 607; TIME = 86800
ADD; ID = 608; TIME = 76700
ADD; ID = 609; TIME = 85100
ADD; ID = 610; TIME = 95300
ADD; ID = 611; TIME = 100000
ADD; ID = 612; TIME = 89900
ADD; ID = 613; TIME = 85200
ADD; ID = 614; TIME = 81000
ADD; ID = 615; TIME = 89000
ADD; ID = 616; TIME = 97400
ADD; ID = 617; TIME = 89900
ADD; ID = 618; TIME = 87200
ADD; ID = 619; TIME = 88100
ADD; ID = 620; TIME = 85000
ADD; ID = 621; TIME = 91500
ADD; ID = 622; TIME = 96400
ADD; ID = 623; TIME = 65200
ADD; ID = 624; TIME = 75100
ADD; ID = 625; TIME = 82600
ADD; ID = 626; TIME = 95400
ADD; ID = 627; TIME = 93800
ADD; ID = 628; TIME = 91800
ADD; ID = 629; TIME = 72700
ADD; ID = 630; TIME = 80800
ADD; ID = 631; TIME = 90800
ADD; ID = 632; TIME = 80500
ADD; ID = 633; TIME = 90000
ADD; ID = 634; TIME = 98800
ADD; ID = 635; TIME = 89700
ADD; ID = 636; TIME = 77000
ADD; ID = 637; TIME = 76600
ADD; ID = 638; TIME = 121400
ADD; ID = 639; TIME = 98000
ADD; ID = 640; TIME = 81800
ADD; ID = 641; TIME = 84700
ADD; ID = 642; TIME = 82400
ADD; ID = 643; TIME = 66500
ADD; ID = 644; TIME = 99200
ADD; ID = 645; TIME = 91800
ADD; ID = 646; TIME = 92400
ADD; ID = 647; TIME = 85200
ADD; ID = 648; TIME = 153900
ADD; ID = 649; TIME = 69700
ADD; ID = 650; TIME = 72400
ADD; ID = 651; TIME = 93800
ADD; ID = 652; TIME = 90500
ADD; ID = 653; TIME = 91800
ADD; ID = 654; TIME = 83500
ADD; ID = 655; TIME = 94900
ADD; ID = 656; TIME = 81800
ADD; ID = 657; TIME = 91200
ADD; ID = 658; TIME = 79900
ADD; ID = 659; TIME = 95700
ADD; ID = 660; TIME = 82700
ADD; ID = 661; TIME = 108700
ADD; ID = 662; TIME = 79800
ADD; ID = 663; TIME = 88800
ADD; ID = 664; TIME = 144600
ADD; ID = 665; TIME = 103600
ADD; ID = 666; TIME = 91600
ADD; ID = 667; TIME = 88100
ADD; ID = 668; TIME = 82100
ADD; ID = 669; TIME = 88100
ADD; ID = 670; TIME = 97800
ADD; ID = 671; TIME = 99400
ADD; ID = 672; TIME = 80300
ADD; ID = 673; TIME = 98200
ADD; ID = 674; TIME = 76100
ADD; ID = 675; TIME = 96000
ADD; ID = 676; TIME = 92600
ADD; ID = 677; TIME = 73400
ADD; ID = 678; TIME = 71600
ADD; ID = 679; TIME = 90900
ADD; ID = 680; TIME = 137900
ADD; ID = 681; TIME = 85600
ADD; ID = 682; TIME = 72300
ADD; ID = 683; TIME = 95400
ADD; ID = 684; TIME = 81700
ADD; ID = 685; TIME = 70400
ADD; ID = 686; TIME = 91300
ADD; ID = 687; TIME = 76000
ADD; ID = 688; TIME = 90200
ADD; ID = 689; TIME = 86800
ADD; ID = 690; TIME = 95600
ADD; ID = 691; TIME = 78400
ADD; ID = 692; TIME = 84900
ADD; ID = 693; TIME = 94500
ADD; ID = 694; TIME = 86700
ADD; ID = 695; TIME = 93900
ADD; ID = 696; TIME = 88700
ADD; ID = 697; TIME = 94400
ADD; ID = 698; TIME = 87000
ADD; ID = 699; TIME = 67800
ADD; ID = 700; TIME = 91400
ADD; ID = 701; TIME = 93500
ADD; ID = 702; TIME = 82200
ADD; ID = 703; TIME = 89600
ADD; ID = 704; TIME = 88300
ADD; ID = 705; TIME = 88700
ADD; ID = 706; TIME = 93600
ADD; ID = 707; TIME = 97900
ADD; ID = 708; TIME = 81300
ADD; ID = 709; TIME = 84600
ADD; ID = 710; TIME = 102100
ADD; ID = 711; TIME = 89600
ADD; ID = 712; TIME = 94300
ADD; ID = 713; TIME = 87700
ADD; ID = 714; TIME = 96000
ADD; ID = 715; TIME = 88900
ADD; ID = 716; TIME = 102800
ADD; ID = 717; TIME = 97900
ADD; ID = 718; TIME = 82600
ADD; ID = 719; TIME = 89600
ADD; ID = 720; TIME = 78800
ADD; ID = 721; TIME = 84400
ADD; ID = 722; TIME = 78800
ADD; ID = 723; TIME = 80800
ADD; ID = 724; TIME = 94000
ADD; ID = 725; TIME = 96500
ADD; ID = 726; TIME = 86400
ADD; ID = 727; TIME = 82100
ADD; ID = 728; TIME = 81000
ADD; ID = 729; TIME = 92800
ADD; ID = 730; TIME = 98600
ADD; ID = 731; TIME = 90200
ADD; ID = 732; TIME = 89000
ADD; ID = 733; TIME = 89700
ADD; ID = 734; TIME = 101200
ADD; ID = 735; TIME = 130900
ADD; ID = 736; TIME = 78700
ADD; ID = 737; TIME = 72800
ADD; ID = 738; TIME = 107100
ADD; ID = 739; TIME = 73600
ADD; ID = 740; TIME = 81100
ADD; ID = 741; TIME = 84300
ADD; ID = 742; TIME = 86100
ADD; ID = 743; TIME = 83000
ADD; ID = 744; TIME = 80500
ADD; ID = 745; TIME = 70400
ADD; ID = 746; TIME = 80800
ADD; ID = 747; TIME = 102500
ADD; ID = 748; TIME = 88000
ADD; ID = 749; TIME = 87500
ADD; ID = 750; TIME = 82800
ADD; ID = 751; TIME = 82500
ADD; ID = 752; TIME = 97900
ADD; ID = 753; TIME = 83700
ADD; ID = 754; TIME = 76400
ADD; ID = 755; TIME = 100800
ADD; ID = 756; TIME = 98500
ADD; ID = 757; TIME = 72000
ADD; ID = 758; TIME = 86800
ADD; ID = 759; TIME = 92200
ADD; ID = 760; TIME = 81000
ADD; ID = 761; TIME = 93000
ADD; ID = 762; TIME = 89700
ADD; ID = 763; TIME = 86700
ADD; ID = 764; TIME = 96100
ADD; ID = 765; TIME = 109100
ADD; ID = 766; TIME = 70200
ADD; ID = 767; TIME = 91400
ADD; ID = 768; TIME = 95500
ADD; ID = 769; TIME = 72200
ADD; ID = 770; TIME = 78400
ADD; ID = 771; TIME = 86000
ADD; ID = 772; TIME = 96700
ADD; ID = 773; TIME = 93800
ADD; ID = 774; TIME = 84300
ADD; ID = 775; TIME = 82700
ADD; ID = 776; TIME = 86400
ADD; ID = 777; TIME = 82700
ADD; ID = 778; TIME = 83800
ADD; ID = 779; TIME = 139900
ADD; ID = 780; TIME = 92200
ADD; ID = 781; TIME = 101400
ADD; ID = 782; TIME = 85400
ADD; ID = 783; TIME = 92100
ADD; ID = 784; TIME = 91500
ADD; ID = 785; TIME = 100900
ADD; ID = 786; TIME = 88300
ADD; ID = 787; TIME = 74900
ADD; ID = 788; TIME = 119800
ADD; ID = 789; TIME = 76700
ADD; ID = 790; TIME = 88600
ADD; ID = 791; TIME = 85000
ADD; ID = 792; TIME = 99500
ADD; ID = 793; TIME = 72400
ADD; ID = 794; TIME = 94000
ADD; ID = 795; TIME = 70800
ADD; ID = 796; TIME = 93200
ADD; ID = 797; TIME = 79300
ADD; ID = 798; TIME = 79900
ADD; ID = 799; TIME = 89700
ADD; ID = 800; TIME = 76900
ADD; ID = 801; TIME = 89500
ADD; ID = 802; TIME = 95300
ADD; ID = 803; TIME = 72100
ADD; ID = 804; TIME = 78100
ADD; ID = 805; TIME = 77900
ADD; ID = 806; TIME = 98900
ADD; ID = 807; TIME = 99100
ADD; ID = 808; TIME = 82600
ADD; ID = 809; TIME = 94200
ADD; ID = 810; TIME = 81400
ADD; ID = 811; TIME = 81600
ADD; ID = 812; TIME = 90900
ADD; ID = 813; TIME = 88300
ADD; ID = 814; TIME = 107000
ADD; ID = 815; TIME = 96600
ADD; ID = 816; TIME = 102200
ADD; ID = 817; TIME = 118900
ADD; ID = 818; TIME = 125100
ADD; ID = 819; TIME = 97600
ADD; ID = 820; TIME = 139000
ADD; ID = 821; TIME = 115800
ADD; ID = 822; TIME = 123900
ADD; ID = 823; TIME = 139800
ADD; ID = 824; TIME = 112400
ADD; ID = 825; TIME = 143200
ADD; ID = 826; TIME = 113000
ADD; ID = 827; TIME = 111100
ADD; ID = 828; TIME = 118600
ADD; ID = 829; TIME = 111100
ADD; ID = 830; TIME = 125700
ADD; ID = 831; TIME = 119900
ADD; ID = 832; TIME = 114200
ADD; ID = 833; TIME = 131600
ADD; ID = 834; TIME = 125100
ADD; ID = 835; TIME = 113100
ADD; ID = 836; TIME = 75400
ADD; ID = 837; TIME = 91200
ADD; ID = 838; TIME = 89100
ADD; ID = 839; TIME = 86300
ADD; ID = 840; TIME = 74700
ADD; ID = 841; TIME = 95400
ADD; ID = 842; TIME = 83600
ADD; ID = 843; TIME = 103200
ADD; ID = 844; TIME = 103600
ADD; ID = 845; TIME = 76700
ADD; ID = 846; TIME = 86900
ADD; ID = 847; TIME = 79500
ADD; ID = 848; TIME = 88500
ADD; ID = 849; TIME = 81100
ADD; ID = 850; TIME = 97300
ADD; ID = 851; TIME = 216200
ADD; ID = 852; TIME = 227500
ADD; ID = 853; TIME = 185200
ADD; ID = 854; TIME = 110900
ADD; ID = 855; TIME = 101400
ADD; ID = 856; TIME = 99700
ADD; ID = 857; TIME = 79500
ADD; ID = 858; TIME = 91300
ADD; ID = 859; TIME = 82700
ADD; ID = 860; TIME = 81900
ADD; ID = 861; TIME = 92700
ADD; ID = 862; TIME = 89900
ADD; ID = 863; TIME = 99000
ADD; ID = 864; TIME = 86700
ADD; ID = 865; TIME = 89000
ADD; ID = 866; TIME = 76700
ADD; ID = 867; TIME = 89500
ADD; ID = 868; TIME = 77000
ADD; ID = 869; TIME = 84300
ADD; ID = 870; TIME = 83200
ADD; ID = 871; TIME = 91800
ADD; ID = 872; TIME = 86400
ADD; ID = 873; TIME = 85100
ADD; ID = 874; TIME = 72700
ADD; ID = 875; TIME = 89300
ADD; ID = 876; TIME = 107700
ADD; ID = 877; TIME = 88900
ADD; ID = 878; TIME = 84200
ADD; ID = 879; TIME = 104200
ADD; ID = 880; TIME = 129600
ADD; ID = 881; TIME = 94100
ADD; ID = 882; TIME = 100500
ADD; ID = 883; TIME = 94400
ADD; ID = 884; TIME = 88900
ADD; ID = 885; TIME = 106800
ADD; ID = 886; TIME = 86600
ADD; ID = 887; TIME = 92700
ADD; ID = 888; TIME = 83200
ADD; ID = 889; TIME = 69800
ADD; ID = 890; TIME = 89100
ADD; ID = 891; TIME = 100500
ADD; ID = 892; TIME = 95400
ADD; ID = 893; TIME = 80000
ADD; ID = 894; TIME = 87400
ADD; ID = 895; TIME = 96800
ADD; ID = 896; TIME = 64900
ADD; ID = 897; TIME = 120800
ADD; ID = 898; TIME = 91500
ADD; ID = 899; TIME = 84700
ADD; ID = 900; TIME = 73500
ADD; ID = 901; TIME = 80100
ADD; ID = 902; TIME = 98400
ADD; ID = 903; TIME = 87900
ADD; ID = 904; TIME = 92100
ADD; ID = 905; TIME = 99600
ADD; ID = 906; TIME = 90900
ADD; ID = 907; TIME = 88900
ADD; ID = 908; TIME = 104600
ADD; ID = 909; TIME = 86200
ADD; ID = 910; TIME = 85700
ADD; ID = 911; TIME = 91800
ADD; ID = 912; TIME = 99900
ADD; ID = 913; TIME = 91300
ADD; ID = 914; TIME = 84600
ADD; ID = 915; TIME = 72500
ADD; ID = 916; TIME = 85500
ADD; ID = 917; TIME = 99000
ADD; ID = 918; TIME = 75200
ADD; ID = 919; TIME = 74300
ADD; ID = 920; TIME = 91100
ADD; ID = 921; TIME = 92100
ADD; ID = 922; TIME = 84200
ADD; ID = 923; TIME = 78100
ADD; ID = 924; TIME = 95100
ADD; ID = 925; TIME = 103000
ADD; ID = 926; TIME = 89200
ADD; ID = 927; TIME = 77700
ADD; ID = 928; TIME = 83600
ADD; ID = 929; TIME = 90500
ADD; ID = 930; TIME = 79100
ADD; ID = 931; TIME = 86100
ADD; ID = 932; TIME = 91200
ADD; ID = 933; TIME = 88800
ADD; ID = 934; TIME = 63100
ADD; ID = 935; TIME = 91300
ADD; ID = 936; TIME = 84000
ADD; ID = 937; TIME = 91900
ADD; ID = 938; TIME = 95400
ADD; ID = 939; TIME = 84900
ADD; ID = 940; TIME = 94700
ADD; ID = 941; TIME = 87100
ADD; ID = 942; TIME = 75600
ADD; ID = 943; TIME = 87000
ADD; ID = 944; TIME = 83300
ADD; ID = 945; TIME = 95500
ADD; ID = 946; TIME = 96500
ADD; ID = 947; TIME = 100100
ADD; ID = 948; TIME = 74200
ADD; ID = 949; TIME = 85300
ADD; ID = 950; TIME = 81400
ADD; ID = 951; TIME = 101500
ADD; ID = 952; TIME = 85300
ADD; ID = 953; TIME = 99300
ADD; ID = 954; TIME = 72900
ADD; ID = 955; TIME = 77100
ADD; ID = 956; TIME = 84300
ADD; ID = 957; TIME = 70100
ADD; ID = 958; TIME = 104400
ADD; ID = 959; TIME = 102400
ADD; ID = 960; TIME = 60200
ADD; ID = 961; TIME = 101900
ADD; ID = 962; TIME = 106700
ADD; ID = 963; TIME = 79100
ADD; ID = 964; TIME = 75300
ADD; ID = 965; TIME = 78800
ADD; ID = 966; TIME = 93800
ADD; ID = 967; TIME = 87400
ADD; ID = 968; TIME = 91400
ADD; ID = 969; TIME = 89500
ADD; ID = 970; TIME = 96000
ADD; ID = 971; TIME = 113900
ADD; ID = 972; TIME = 100500
ADD; ID = 973; TIME = 76100
ADD; ID = 974; TIME = 105500
ADD; ID = 975; TIME = 80200
ADD; ID = 976; TIME = 70500
ADD; ID = 977; TIME = 84700
ADD; ID = 978; TIME = 76200
ADD; ID = 979; TIME = 72700
ADD; ID = 980; TIME = 86700
ADD; ID = 981; TIME = 82500
ADD; ID = 982; TIME = 116900
ADD; ID = 983; TIME = 116300
ADD; ID = 984; TIME = 84400
ADD; ID = 985; TIME = 83200
ADD; ID = 986; TIME = 84300
ADD; ID = 987; TIME = 81300
ADD; ID = 988; TIME = 89500
ADD; ID = 989; TIME = 94500
ADD; ID = 990; TIME = 91900
ADD; ID = 991; TIME = 77200
ADD; ID = 992; TIME = 79600
ADD; ID = 993; TIME = 78800
ADD; ID = 994; TIME = 106000
ADD; ID = 995; TIME = 91900
ADD; ID = 996; TIME = 64800
ADD; ID = 997; TIME = 86800
ADD; ID = 998; TIME = 73200
ADD; ID = 999; TIME = 95600
ADD; ID = 1000; TIME = 107100
ADD; ID = 1001; TIME = 87900
ADD; ID = 1002; TIME = 103800
ADD; ID = 1003; TIME = 85300
ADD; ID = 1004; TIME = 93900
ADD; ID = 1005; TIME = 87900
ADD; ID = 1006; TIME = 86500
ADD; ID = 1007; TIME = 92700
ADD; ID = 1008; TIME = 85800
ADD; ID = 1009; TIME = 94900
ADD; ID = 1010; TIME = 75300
ADD; ID = 1011; TIME = 82400
ADD; ID = 1012; TIME = 78300
ADD; ID = 1013; TIME = 84800
ADD; ID = 1014; TIME = 113600
ADD; ID = 1015; TIME = 93400
ADD; ID = 1016; TIME = 83400
ADD; ID = 1017; TIME = 85300
ADD; ID = 1018; TIME = 73600
ADD; ID = 1019; TIME = 98600
ADD; ID = 1020; TIME = 109300
ADD; ID = 1021; TIME = 111000
ADD; ID = 1022; TIME = 121300
ADD; ID = 1023; TIME = 101200
ADD; ID = 1024; TIME = 149700
ADD; ID = 1025; TIME = 115900
ADD; ID = 1026; TIME = 130400
ADD; ID = 1027; TIME = 111700
ADD; ID = 1028; TIME = 128300
ADD; ID = 1029; TIME = 125500
ADD; ID = 1030; TIME = 110800
ADD; ID = 1031; TIME = 129600
ADD; ID = 1032; TIME = 93200
ADD; ID = 1033; TIME = 120300
ADD; ID = 1034; TIME = 145200
ADD; ID = 1035; TIME = 144300
ADD; ID = 1036; TIME = 117100
ADD; ID = 1037; TIME = 140100
ADD; ID = 1038; TIME = 117500
ADD; ID = 1039; TIME = 128400
ADD; ID = 1040; TIME = 148100
ADD; ID = 1041; TIME = 137200
ADD; ID = 1042; TIME = 115200
ADD; ID = 1043; TIME = 125600
ADD; ID = 1044; TIME = 104400
ADD; ID = 1045; TIME = 106300
ADD; ID = 1046; TIME = 127900
ADD; ID = 1047; TIME = 121900
ADD; ID = 1048; TIME = 148600
ADD; ID = 1049; TIME = 119800
ADD; ID = 1050; TIME = 147200
ADD; ID = 1051; TIME = 126800
ADD; ID = 1052; TIME = 127200
ADD; ID = 1053; TIME = 133900
ADD; ID = 1054; TIME = 103000
ADD; ID = 1055; TIME = 113800
ADD; ID = 1056; TIME = 126900
ADD; ID = 1057; TIME = 110200
ADD; ID = 1058; TIME = 126800
ADD; ID = 1059; TIME = 119700
ADD; ID = 1060; TIME = 122000
ADD; ID = 1061; TIME = 139200
ADD; ID = 1062; TIME = 126400
ADD; ID = 1063; TIME = 94000
ADD; ID = 1064; TIME = 130000
ADD; ID = 1065; TIME = 130100
ADD; ID = 1066; TIME = 107000
ADD; ID = 1067; TIME = 121500
ADD; ID = 1068; TIME = 132800
ADD; ID = 1069; TIME = 130300
ADD; ID = 1070; TIME = 124800
ADD; ID = 1071; TIME = 128800
ADD; ID = 1072; TIME = 126100
ADD; ID = 1073; TIME = 109300
ADD; ID = 1074; TIME = 106900
ADD; ID = 1075; TIME = 104200
ADD; ID = 1076; TIME = 103300
ADD; ID = 1077; TIME = 134500
ADD; ID = 1078; TIME = 121200
ADD; ID = 1079; TIME = 107100
ADD; ID = 1080; TIME = 109900
ADD; ID = 1081; TIME = 122000
ADD; ID = 1082; TIME = 126000
ADD; ID = 1083; TIME = 144300
ADD; ID = 1084; TIME = 124200
ADD; ID = 1085; TIME = 116500
ADD; ID = 1086; TIME = 112900
ADD; ID = 1087; TIME = 107400
ADD; ID = 1088; TIME = 141400
ADD; ID = 1089; TIME = 129000
ADD; ID = 1090; TIME = 133800
ADD; ID = 1091; TIME = 140100
ADD; ID = 1092; TIME = 110700
ADD; ID = 1093; TIME = 134600
ADD; ID = 1094; TIME = 128000
ADD; ID = 1095; TIME = 99300
ADD; ID = 1096; TIME = 117000
ADD; ID = 1097; TIME = 101900
ADD; ID = 1098; TIME = 117800
ADD; ID = 1099; TIME = 92200
ADD; ID = 1100; TIME = 123300
ADD; ID = 1101; TIME = 155200
ADD; ID = 1102; TIME = 117800
ADD; ID = 1103; TIME = 112100
ADD; ID = 1104; TIME = 131100
ADD; ID = 1105; TIME = 152700
ADD; ID = 1106; TIME = 124000
ADD; ID = 1107; TIME = 128800
ADD; ID = 1108; TIME = 125800
ADD; ID = 1109; TIME = 110700
ADD; ID = 1110; TIME = 119900
ADD; ID = 1111; TIME = 121000
ADD; ID = 1112; TIME = 145000
ADD; ID = 1113; TIME = 139200
ADD; ID = 1114; TIME = 147600
ADD; ID = 1115; TIME = 124500

Operation ADD Total count = 1000

Operation ADD Total time = 117908300

Operation ADD Medium time = 117908
REMOVE; ID = 394; TIME = 32100
REMOVE; ID = 128; TIME = 28400
REMOVE; ID = 463; TIME = 9700
REMOVE; ID = 347; TIME = 9200
REMOVE; ID = 722; TIME = 9600
REMOVE; ID = 134; TIME = 8700
REMOVE; ID = 881; TIME = 8600
REMOVE; ID = 764; TIME = 8400
REMOVE; ID = 159; TIME = 8200
REMOVE; ID = 288; TIME = 7600
REMOVE; ID = 1086; TIME = 8000
REMOVE; ID = 450; TIME = 8300
REMOVE; ID = 108; TIME = 7800
REMOVE; ID = 301; TIME = 8400
REMOVE; ID = 475; TIME = 8200
REMOVE; ID = 148; TIME = 8600
REMOVE; ID = 435; TIME = 8100
REMOVE; ID = 600; TIME = 8900
REMOVE; ID = 1019; TIME = 7500
REMOVE; ID = 399; TIME = 9000
REMOVE; ID = 726; TIME = 8200
REMOVE; ID = 118; TIME = 8500
REMOVE; ID = 166; TIME = 8100
REMOVE; ID = 77; TIME = 9900
REMOVE; ID = 445; TIME = 8300
REMOVE; ID = 223; TIME = 11600
REMOVE; ID = 855; TIME = 11200
REMOVE; ID = 567; TIME = 17800
REMOVE; ID = 347; TIME = 13400
REMOVE; ID = 695; TIME = 11000
REMOVE; ID = 1043; TIME = 14600
REMOVE; ID = 344; TIME = 8100
REMOVE; ID = 28; TIME = 8600
REMOVE; ID = 155; TIME = 12400
REMOVE; ID = 360; TIME = 7800
REMOVE; ID = 776; TIME = 13100
REMOVE; ID = 298; TIME = 9900
REMOVE; ID = 386; TIME = 7800
REMOVE; ID = 908; TIME = 8000
REMOVE; ID = 1052; TIME = 8500
REMOVE; ID = 678; TIME = 8400
REMOVE; ID = 650; TIME = 7600
REMOVE; ID = 690; TIME = 8400
REMOVE; ID = 601; TIME = 9400
REMOVE; ID = 274; TIME = 8000
REMOVE; ID = 378; TIME = 7500
REMOVE; ID = 1022; TIME = 7600
REMOVE; ID = 961; TIME = 8600
REMOVE; ID = 606; TIME = 8300
REMOVE; ID = 494; TIME = 9200
REMOVE; ID = 96; TIME = 8000
REMOVE; ID = 511; TIME = 8300
REMOVE; ID = 40; TIME = 8700
REMOVE; ID = 799; TIME = 11800
REMOVE; ID = 398; TIME = 8100
REMOVE; ID = 3; TIME = 8900
REMOVE; ID = 548; TIME = 8300
REMOVE; ID = 622; TIME = 7200
REMOVE; ID = 615; TIME = 7700
REMOVE; ID = 227; TIME = 8400
REMOVE; ID = 928; TIME = 8200
REMOVE; ID = 101; TIME = 8400
REMOVE; ID = 236; TIME = 8000
REMOVE; ID = 314; TIME = 8300
REMOVE; ID = 936; TIME = 7500
REMOVE; ID = 834; TIME = 7700
REMOVE; ID = 761; TIME = 7300
REMOVE; ID = 430; TIME = 8300
REMOVE; ID = 456; TIME = 8400
REMOVE; ID = 468; TIME = 7600
REMOVE; ID = 605; TIME = 7700
REMOVE; ID = 607; TIME = 8200
REMOVE; ID = 19; TIME = 8400
REMOVE; ID = 930; TIME = 7300
REMOVE; ID = 165; TIME = 9500
REMOVE; ID = 87; TIME = 12600
REMOVE; ID = 244; TIME = 12900
REMOVE; ID = 441; TIME = 11100
REMOVE; ID = 85; TIME = 8600
REMOVE; ID = 649; TIME = 8500
REMOVE; ID = 404; TIME = 9000
REMOVE; ID = 870; TIME = 8600
REMOVE; ID = 539; TIME = 8400
REMOVE; ID = 717; TIME = 10800
REMOVE; ID = 602; TIME = 9200
REMOVE; ID = 735; TIME = 7400
REMOVE; ID = 520; TIME = 7500
REMOVE; ID = 685; TIME = 9100
REMOVE; ID = 359; TIME = 8100
REMOVE; ID = 570; TIME = 8000
REMOVE; ID = 691; TIME = 7600
REMOVE; ID = 207; TIME = 8100
REMOVE; ID = 328; TIME = 8500
REMOVE; ID = 847; TIME = 7700
REMOVE; ID = 499; TIME = 8300
REMOVE; ID = 548; TIME = 7700
REMOVE; ID = 112; TIME = 8100
REMOVE; ID = 170; TIME = 7700
REMOVE; ID = 511; TIME = 7900
REMOVE; ID = 497; TIME = 8800
REMOVE; ID = 969; TIME = 8400

Operation REMOVE Total count = 101

Operation REMOVE Total time = 937900

Operation REMOVE Medium time = 9286


 HASH MAP   SIZE - 5


ADD; ID = 1116; TIME = 283900
ADD; ID = 1117; TIME = 159300
ADD; ID = 1118; TIME = 127400
ADD; ID = 1119; TIME = 120800
ADD; ID = 1120; TIME = 120800

Operation ADD Total count = 5

Operation ADD Total time = 812200

Operation ADD Medium time = 162440
REMOVE; ID = 2; TIME = 208900

Operation REMOVE Total count = 1

Operation REMOVE Total time = 208900

Operation REMOVE Medium time = 208900


 HASH MAP   SIZE - 10


ADD; ID = 1121; TIME = 140000
ADD; ID = 1122; TIME = 120400
ADD; ID = 1123; TIME = 130100
ADD; ID = 1124; TIME = 105800
ADD; ID = 1125; TIME = 127800
ADD; ID = 1126; TIME = 143000
ADD; ID = 1127; TIME = 123700
ADD; ID = 1128; TIME = 140500
ADD; ID = 1129; TIME = 150200
ADD; ID = 1130; TIME = 147000

Operation ADD Total count = 10

Operation ADD Total time = 1328500

Operation ADD Medium time = 132850
REMOVE; ID = 4; TIME = 27800
REMOVE; ID = 6; TIME = 18900

Operation REMOVE Total count = 2

Operation REMOVE Total time = 46700

Operation REMOVE Medium time = 23350


 HASH MAP   SIZE - 100


ADD; ID = 1131; TIME = 147700
ADD; ID = 1132; TIME = 136100
ADD; ID = 1133; TIME = 129300
ADD; ID = 1134; TIME = 119400
ADD; ID = 1135; TIME = 143700
ADD; ID = 1136; TIME = 122700
ADD; ID = 1137; TIME = 134800
ADD; ID = 1138; TIME = 151700
ADD; ID = 1139; TIME = 159400
ADD; ID = 1140; TIME = 113800
ADD; ID = 1141; TIME = 141300
ADD; ID = 1142; TIME = 112400
ADD; ID = 1143; TIME = 179000
ADD; ID = 1144; TIME = 135900
ADD; ID = 1145; TIME = 126800
ADD; ID = 1146; TIME = 143000
ADD; ID = 1147; TIME = 157300
ADD; ID = 1148; TIME = 150800
ADD; ID = 1149; TIME = 139600
ADD; ID = 1150; TIME = 131900
ADD; ID = 1151; TIME = 123200
ADD; ID = 1152; TIME = 150200
ADD; ID = 1153; TIME = 158800
ADD; ID = 1154; TIME = 102100
ADD; ID = 1155; TIME = 155800
ADD; ID = 1156; TIME = 138100
ADD; ID = 1157; TIME = 109800
ADD; ID = 1158; TIME = 135100
ADD; ID = 1159; TIME = 119300
ADD; ID = 1160; TIME = 143700
ADD; ID = 1161; TIME = 133500
ADD; ID = 1162; TIME = 117000
ADD; ID = 1163; TIME = 140500
ADD; ID = 1164; TIME = 158900
ADD; ID = 1165; TIME = 125100
ADD; ID = 1166; TIME = 131600
ADD; ID = 1167; TIME = 129500
ADD; ID = 1168; TIME = 148000
ADD; ID = 1169; TIME = 139800
ADD; ID = 1170; TIME = 123600
ADD; ID = 1171; TIME = 124900
ADD; ID = 1172; TIME = 133200
ADD; ID = 1173; TIME = 150100
ADD; ID = 1174; TIME = 141500
ADD; ID = 1175; TIME = 121500
ADD; ID = 1176; TIME = 130900
ADD; ID = 1177; TIME = 124600
ADD; ID = 1178; TIME = 119200
ADD; ID = 1179; TIME = 133200
ADD; ID = 1180; TIME = 116700
ADD; ID = 1181; TIME = 117300
ADD; ID = 1182; TIME = 117800
ADD; ID = 1183; TIME = 135200
ADD; ID = 1184; TIME = 146900
ADD; ID = 1185; TIME = 141700
ADD; ID = 1186; TIME = 148800
ADD; ID = 1187; TIME = 102300
ADD; ID = 1188; TIME = 126900
ADD; ID = 1189; TIME = 135000
ADD; ID = 1190; TIME = 141400
ADD; ID = 1191; TIME = 120000
ADD; ID = 1192; TIME = 122000
ADD; ID = 1193; TIME = 112000
ADD; ID = 1194; TIME = 131600
ADD; ID = 1195; TIME = 113700
ADD; ID = 1196; TIME = 204500
ADD; ID = 1197; TIME = 113000
ADD; ID = 1198; TIME = 132500
ADD; ID = 1199; TIME = 117200
ADD; ID = 1200; TIME = 123100
ADD; ID = 1201; TIME = 118300
ADD; ID = 1202; TIME = 121500
ADD; ID = 1203; TIME = 144500
ADD; ID = 1204; TIME = 139100
ADD; ID = 1205; TIME = 149600
ADD; ID = 1206; TIME = 131700
ADD; ID = 1207; TIME = 132200
ADD; ID = 1208; TIME = 159600
ADD; ID = 1209; TIME = 149700
ADD; ID = 1210; TIME = 140700
ADD; ID = 1211; TIME = 127300
ADD; ID = 1212; TIME = 149600
ADD; ID = 1213; TIME = 116800
ADD; ID = 1214; TIME = 133200
ADD; ID = 1215; TIME = 118200
ADD; ID = 1216; TIME = 142800
ADD; ID = 1217; TIME = 135800
ADD; ID = 1218; TIME = 143600
ADD; ID = 1219; TIME = 156900
ADD; ID = 1220; TIME = 140400
ADD; ID = 1221; TIME = 130300
ADD; ID = 1222; TIME = 134300
ADD; ID = 1223; TIME = 123000
ADD; ID = 1224; TIME = 145600
ADD; ID = 1225; TIME = 145700
ADD; ID = 1226; TIME = 125800
ADD; ID = 1227; TIME = 136400
ADD; ID = 1228; TIME = 132000
ADD; ID = 1229; TIME = 136500
ADD; ID = 1230; TIME = 134600

Operation ADD Total count = 100

Operation ADD Total time = 13454600

Operation ADD Medium time = 134546
REMOVE; ID = 47; TIME = 32300
REMOVE; ID = 44; TIME = 16400
REMOVE; ID = 6; TIME = 21600
REMOVE; ID = 68; TIME = 17600
REMOVE; ID = 92; TIME = 16500
REMOVE; ID = 92; TIME = 13800
REMOVE; ID = 4; TIME = 16400
REMOVE; ID = 6; TIME = 15700
REMOVE; ID = 1; TIME = 18300
REMOVE; ID = 11; TIME = 17100
REMOVE; ID = 18; TIME = 17500

Operation REMOVE Total count = 11

Operation REMOVE Total time = 203200

Operation REMOVE Medium time = 18472


 HASH MAP   SIZE - 1000


ADD; ID = 1231; TIME = 127600
ADD; ID = 1232; TIME = 121100
ADD; ID = 1233; TIME = 131300
ADD; ID = 1234; TIME = 120200
ADD; ID = 1235; TIME = 127800
ADD; ID = 1236; TIME = 125400
ADD; ID = 1237; TIME = 110900
ADD; ID = 1238; TIME = 141500
ADD; ID = 1239; TIME = 121500
ADD; ID = 1240; TIME = 120400
ADD; ID = 1241; TIME = 126400
ADD; ID = 1242; TIME = 120900
ADD; ID = 1243; TIME = 130700
ADD; ID = 1244; TIME = 119500
ADD; ID = 1245; TIME = 133500
ADD; ID = 1246; TIME = 143100
ADD; ID = 1247; TIME = 128500
ADD; ID = 1248; TIME = 118500
ADD; ID = 1249; TIME = 117200
ADD; ID = 1250; TIME = 104200
ADD; ID = 1251; TIME = 132100
ADD; ID = 1252; TIME = 135800
ADD; ID = 1253; TIME = 128000
ADD; ID = 1254; TIME = 141900
ADD; ID = 1255; TIME = 134200
ADD; ID = 1256; TIME = 109200
ADD; ID = 1257; TIME = 132000
ADD; ID = 1258; TIME = 120100
ADD; ID = 1259; TIME = 108500
ADD; ID = 1260; TIME = 124300
ADD; ID = 1261; TIME = 130000
ADD; ID = 1262; TIME = 117500
ADD; ID = 1263; TIME = 151600
ADD; ID = 1264; TIME = 136700
ADD; ID = 1265; TIME = 139700
ADD; ID = 1266; TIME = 134600
ADD; ID = 1267; TIME = 129700
ADD; ID = 1268; TIME = 114400
ADD; ID = 1269; TIME = 129700
ADD; ID = 1270; TIME = 106200
ADD; ID = 1271; TIME = 138500
ADD; ID = 1272; TIME = 120100
ADD; ID = 1273; TIME = 165900
ADD; ID = 1274; TIME = 135100
ADD; ID = 1275; TIME = 151100
ADD; ID = 1276; TIME = 134000
ADD; ID = 1277; TIME = 141400
ADD; ID = 1278; TIME = 104200
ADD; ID = 1279; TIME = 115100
ADD; ID = 1280; TIME = 159700
ADD; ID = 1281; TIME = 142500
ADD; ID = 1282; TIME = 124800
ADD; ID = 1283; TIME = 218600
ADD; ID = 1284; TIME = 667200
ADD; ID = 1285; TIME = 214000
ADD; ID = 1286; TIME = 216000
ADD; ID = 1287; TIME = 153900
ADD; ID = 1288; TIME = 185200
ADD; ID = 1289; TIME = 153900
ADD; ID = 1290; TIME = 181700
ADD; ID = 1291; TIME = 165800
ADD; ID = 1292; TIME = 164400
ADD; ID = 1293; TIME = 138200
ADD; ID = 1294; TIME = 193000
ADD; ID = 1295; TIME = 159200
ADD; ID = 1296; TIME = 138600
ADD; ID = 1297; TIME = 129100
ADD; ID = 1298; TIME = 126500
ADD; ID = 1299; TIME = 145500
ADD; ID = 1300; TIME = 117900
ADD; ID = 1301; TIME = 109200
ADD; ID = 1302; TIME = 122800
ADD; ID = 1303; TIME = 145200
ADD; ID = 1304; TIME = 128600
ADD; ID = 1305; TIME = 125800
ADD; ID = 1306; TIME = 171900
ADD; ID = 1307; TIME = 139600
ADD; ID = 1308; TIME = 144000
ADD; ID = 1309; TIME = 134500
ADD; ID = 1310; TIME = 136600
ADD; ID = 1311; TIME = 119400
ADD; ID = 1312; TIME = 130500
ADD; ID = 1313; TIME = 125400
ADD; ID = 1314; TIME = 145700
ADD; ID = 1315; TIME = 132000
ADD; ID = 1316; TIME = 146100
ADD; ID = 1317; TIME = 127900
ADD; ID = 1318; TIME = 138600
ADD; ID = 1319; TIME = 138900
ADD; ID = 1320; TIME = 112000
ADD; ID = 1321; TIME = 153500
ADD; ID = 1322; TIME = 121800
ADD; ID = 1323; TIME = 128800
ADD; ID = 1324; TIME = 173000
ADD; ID = 1325; TIME = 129200
ADD; ID = 1326; TIME = 133400
ADD; ID = 1327; TIME = 100800
ADD; ID = 1328; TIME = 166500
ADD; ID = 1329; TIME = 213300
ADD; ID = 1330; TIME = 169300
ADD; ID = 1331; TIME = 120100
ADD; ID = 1332; TIME = 129000
ADD; ID = 1333; TIME = 130100
ADD; ID = 1334; TIME = 129000
ADD; ID = 1335; TIME = 129400
ADD; ID = 1336; TIME = 184300
ADD; ID = 1337; TIME = 119900
ADD; ID = 1338; TIME = 132800
ADD; ID = 1339; TIME = 112100
ADD; ID = 1340; TIME = 133200
ADD; ID = 1341; TIME = 106500
ADD; ID = 1342; TIME = 100900
ADD; ID = 1343; TIME = 103700
ADD; ID = 1344; TIME = 115000
ADD; ID = 1345; TIME = 139300
ADD; ID = 1346; TIME = 132600
ADD; ID = 1347; TIME = 127100
ADD; ID = 1348; TIME = 117800
ADD; ID = 1349; TIME = 127700
ADD; ID = 1350; TIME = 128400
ADD; ID = 1351; TIME = 162100
ADD; ID = 1352; TIME = 142600
ADD; ID = 1353; TIME = 126500
ADD; ID = 1354; TIME = 129400
ADD; ID = 1355; TIME = 116900
ADD; ID = 1356; TIME = 111300
ADD; ID = 1357; TIME = 138400
ADD; ID = 1358; TIME = 128900
ADD; ID = 1359; TIME = 107100
ADD; ID = 1360; TIME = 132300
ADD; ID = 1361; TIME = 137500
ADD; ID = 1362; TIME = 145500
ADD; ID = 1363; TIME = 131500
ADD; ID = 1364; TIME = 133700
ADD; ID = 1365; TIME = 111200
ADD; ID = 1366; TIME = 140100
ADD; ID = 1367; TIME = 91300
ADD; ID = 1368; TIME = 113300
ADD; ID = 1369; TIME = 151400
ADD; ID = 1370; TIME = 123500
ADD; ID = 1371; TIME = 132000
ADD; ID = 1372; TIME = 134800
ADD; ID = 1373; TIME = 131200
ADD; ID = 1374; TIME = 131800
ADD; ID = 1375; TIME = 120100
ADD; ID = 1376; TIME = 128700
ADD; ID = 1377; TIME = 136200
ADD; ID = 1378; TIME = 125300
ADD; ID = 1379; TIME = 98800
ADD; ID = 1380; TIME = 122300
ADD; ID = 1381; TIME = 92300
ADD; ID = 1382; TIME = 121400
ADD; ID = 1383; TIME = 143600
ADD; ID = 1384; TIME = 118000
ADD; ID = 1385; TIME = 126700
ADD; ID = 1386; TIME = 136000
ADD; ID = 1387; TIME = 153400
ADD; ID = 1388; TIME = 149300
ADD; ID = 1389; TIME = 135900
ADD; ID = 1390; TIME = 141000
ADD; ID = 1391; TIME = 135700
ADD; ID = 1392; TIME = 101700
ADD; ID = 1393; TIME = 167700
ADD; ID = 1394; TIME = 138100
ADD; ID = 1395; TIME = 130700
ADD; ID = 1396; TIME = 129400
ADD; ID = 1397; TIME = 101900
ADD; ID = 1398; TIME = 142100
ADD; ID = 1399; TIME = 158000
ADD; ID = 1400; TIME = 126000
ADD; ID = 1401; TIME = 161900
ADD; ID = 1402; TIME = 146700
ADD; ID = 1403; TIME = 145300
ADD; ID = 1404; TIME = 155500
ADD; ID = 1405; TIME = 127400
ADD; ID = 1406; TIME = 112200
ADD; ID = 1407; TIME = 113700
ADD; ID = 1408; TIME = 137400
ADD; ID = 1409; TIME = 143400
ADD; ID = 1410; TIME = 133500
ADD; ID = 1411; TIME = 146100
ADD; ID = 1412; TIME = 145900
ADD; ID = 1413; TIME = 135200
ADD; ID = 1414; TIME = 132600
ADD; ID = 1415; TIME = 135200
ADD; ID = 1416; TIME = 124700
ADD; ID = 1417; TIME = 147400
ADD; ID = 1418; TIME = 139300
ADD; ID = 1419; TIME = 130600
ADD; ID = 1420; TIME = 140300
ADD; ID = 1421; TIME = 150000
ADD; ID = 1422; TIME = 159300
ADD; ID = 1423; TIME = 157700
ADD; ID = 1424; TIME = 157400
ADD; ID = 1425; TIME = 117400
ADD; ID = 1426; TIME = 118700
ADD; ID = 1427; TIME = 141300
ADD; ID = 1428; TIME = 134000
ADD; ID = 1429; TIME = 132400
ADD; ID = 1430; TIME = 129700
ADD; ID = 1431; TIME = 134600
ADD; ID = 1432; TIME = 137700
ADD; ID = 1433; TIME = 154500
ADD; ID = 1434; TIME = 137000
ADD; ID = 1435; TIME = 126300
ADD; ID = 1436; TIME = 121600
ADD; ID = 1437; TIME = 117700
ADD; ID = 1438; TIME = 137200
ADD; ID = 1439; TIME = 144800
ADD; ID = 1440; TIME = 167400
ADD; ID = 1441; TIME = 139100
ADD; ID = 1442; TIME = 137700
ADD; ID = 1443; TIME = 127400
ADD; ID = 1444; TIME = 116600
ADD; ID = 1445; TIME = 129700
ADD; ID = 1446; TIME = 118100
ADD; ID = 1447; TIME = 122900
ADD; ID = 1448; TIME = 140600
ADD; ID = 1449; TIME = 111600
ADD; ID = 1450; TIME = 108300
ADD; ID = 1451; TIME = 106400
ADD; ID = 1452; TIME = 116700
ADD; ID = 1453; TIME = 134200
ADD; ID = 1454; TIME = 160500
ADD; ID = 1455; TIME = 134400
ADD; ID = 1456; TIME = 107200
ADD; ID = 1457; TIME = 125500
ADD; ID = 1458; TIME = 140800
ADD; ID = 1459; TIME = 126300
ADD; ID = 1460; TIME = 144200
ADD; ID = 1461; TIME = 126800
ADD; ID = 1462; TIME = 126900
ADD; ID = 1463; TIME = 128100
ADD; ID = 1464; TIME = 134700
ADD; ID = 1465; TIME = 132900
ADD; ID = 1466; TIME = 136100
ADD; ID = 1467; TIME = 113700
ADD; ID = 1468; TIME = 130100
ADD; ID = 1469; TIME = 147200
ADD; ID = 1470; TIME = 147900
ADD; ID = 1471; TIME = 111100
ADD; ID = 1472; TIME = 136300
ADD; ID = 1473; TIME = 133500
ADD; ID = 1474; TIME = 129000
ADD; ID = 1475; TIME = 156400
ADD; ID = 1476; TIME = 112400
ADD; ID = 1477; TIME = 105400
ADD; ID = 1478; TIME = 150500
ADD; ID = 1479; TIME = 111900
ADD; ID = 1480; TIME = 135000
ADD; ID = 1481; TIME = 128300
ADD; ID = 1482; TIME = 135100
ADD; ID = 1483; TIME = 124600
ADD; ID = 1484; TIME = 109600
ADD; ID = 1485; TIME = 120700
ADD; ID = 1486; TIME = 108700
ADD; ID = 1487; TIME = 117800
ADD; ID = 1488; TIME = 122800
ADD; ID = 1489; TIME = 114200
ADD; ID = 1490; TIME = 102100
ADD; ID = 1491; TIME = 121300
ADD; ID = 1492; TIME = 128500
ADD; ID = 1493; TIME = 124100
ADD; ID = 1494; TIME = 115000
ADD; ID = 1495; TIME = 131600
ADD; ID = 1496; TIME = 163400
ADD; ID = 1497; TIME = 126700
ADD; ID = 1498; TIME = 109600
ADD; ID = 1499; TIME = 118300
ADD; ID = 1500; TIME = 110900
ADD; ID = 1501; TIME = 130800
ADD; ID = 1502; TIME = 130700
ADD; ID = 1503; TIME = 207900
ADD; ID = 1504; TIME = 152800
ADD; ID = 1505; TIME = 114400
ADD; ID = 1506; TIME = 120800
ADD; ID = 1507; TIME = 122200
ADD; ID = 1508; TIME = 115000
ADD; ID = 1509; TIME = 90000
ADD; ID = 1510; TIME = 121600
ADD; ID = 1511; TIME = 100400
ADD; ID = 1512; TIME = 145700
ADD; ID = 1513; TIME = 125100
ADD; ID = 1514; TIME = 136100
ADD; ID = 1515; TIME = 131600
ADD; ID = 1516; TIME = 174600
ADD; ID = 1517; TIME = 136300
ADD; ID = 1518; TIME = 105900
ADD; ID = 1519; TIME = 132800
ADD; ID = 1520; TIME = 125300
ADD; ID = 1521; TIME = 129400
ADD; ID = 1522; TIME = 137200
ADD; ID = 1523; TIME = 131100
ADD; ID = 1524; TIME = 136100
ADD; ID = 1525; TIME = 133500
ADD; ID = 1526; TIME = 118200
ADD; ID = 1527; TIME = 114800
ADD; ID = 1528; TIME = 126700
ADD; ID = 1529; TIME = 102900
ADD; ID = 1530; TIME = 113200
ADD; ID = 1531; TIME = 127100
ADD; ID = 1532; TIME = 131700
ADD; ID = 1533; TIME = 143100
ADD; ID = 1534; TIME = 121100
ADD; ID = 1535; TIME = 126100
ADD; ID = 1536; TIME = 135000
ADD; ID = 1537; TIME = 134700
ADD; ID = 1538; TIME = 142500
ADD; ID = 1539; TIME = 139800
ADD; ID = 1540; TIME = 291000
ADD; ID = 1541; TIME = 143800
ADD; ID = 1542; TIME = 159300
ADD; ID = 1543; TIME = 129300
ADD; ID = 1544; TIME = 142600
ADD; ID = 1545; TIME = 130200
ADD; ID = 1546; TIME = 122000
ADD; ID = 1547; TIME = 121700
ADD; ID = 1548; TIME = 96100
ADD; ID = 1549; TIME = 102300
ADD; ID = 1550; TIME = 133500
ADD; ID = 1551; TIME = 118000
ADD; ID = 1552; TIME = 143600
ADD; ID = 1553; TIME = 145900
ADD; ID = 1554; TIME = 123900
ADD; ID = 1555; TIME = 164700
ADD; ID = 1556; TIME = 135500
ADD; ID = 1557; TIME = 120300
ADD; ID = 1558; TIME = 150200
ADD; ID = 1559; TIME = 122400
ADD; ID = 1560; TIME = 108400
ADD; ID = 1561; TIME = 131400
ADD; ID = 1562; TIME = 108200
ADD; ID = 1563; TIME = 122700
ADD; ID = 1564; TIME = 134400
ADD; ID = 1565; TIME = 127900
ADD; ID = 1566; TIME = 131100
ADD; ID = 1567; TIME = 137800
ADD; ID = 1568; TIME = 137100
ADD; ID = 1569; TIME = 147200
ADD; ID = 1570; TIME = 121800
ADD; ID = 1571; TIME = 106600
ADD; ID = 1572; TIME = 134900
ADD; ID = 1573; TIME = 121600
ADD; ID = 1574; TIME = 121700
ADD; ID = 1575; TIME = 152100
ADD; ID = 1576; TIME = 139200
ADD; ID = 1577; TIME = 138200
ADD; ID = 1578; TIME = 133400
ADD; ID = 1579; TIME = 160900
ADD; ID = 1580; TIME = 132100
ADD; ID = 1581; TIME = 116000
ADD; ID = 1582; TIME = 132400
ADD; ID = 1583; TIME = 150800
ADD; ID = 1584; TIME = 127000
ADD; ID = 1585; TIME = 131200
ADD; ID = 1586; TIME = 136900
ADD; ID = 1587; TIME = 156900
ADD; ID = 1588; TIME = 137500
ADD; ID = 1589; TIME = 155600
ADD; ID = 1590; TIME = 141500
ADD; ID = 1591; TIME = 120200
ADD; ID = 1592; TIME = 120000
ADD; ID = 1593; TIME = 120000
ADD; ID = 1594; TIME = 118300
ADD; ID = 1595; TIME = 135100
ADD; ID = 1596; TIME = 123700
ADD; ID = 1597; TIME = 120600
ADD; ID = 1598; TIME = 155400
ADD; ID = 1599; TIME = 149200
ADD; ID = 1600; TIME = 161400
ADD; ID = 1601; TIME = 123000
ADD; ID = 1602; TIME = 115500
ADD; ID = 1603; TIME = 117000
ADD; ID = 1604; TIME = 141500
ADD; ID = 1605; TIME = 121800
ADD; ID = 1606; TIME = 147700
ADD; ID = 1607; TIME = 115500
ADD; ID = 1608; TIME = 118500
ADD; ID = 1609; TIME = 137200
ADD; ID = 1610; TIME = 117900
ADD; ID = 1611; TIME = 133800
ADD; ID = 1612; TIME = 133100
ADD; ID = 1613; TIME = 129400
ADD; ID = 1614; TIME = 150400
ADD; ID = 1615; TIME = 158700
ADD; ID = 1616; TIME = 131500
ADD; ID = 1617; TIME = 125800
ADD; ID = 1618; TIME = 120300
ADD; ID = 1619; TIME = 97600
ADD; ID = 1620; TIME = 138900
ADD; ID = 1621; TIME = 136400
ADD; ID = 1622; TIME = 139800
ADD; ID = 1623; TIME = 125700
ADD; ID = 1624; TIME = 128300
ADD; ID = 1625; TIME = 116200
ADD; ID = 1626; TIME = 119700
ADD; ID = 1627; TIME = 112900
ADD; ID = 1628; TIME = 144600
ADD; ID = 1629; TIME = 126400
ADD; ID = 1630; TIME = 125800
ADD; ID = 1631; TIME = 124900
ADD; ID = 1632; TIME = 131200
ADD; ID = 1633; TIME = 133300
ADD; ID = 1634; TIME = 132700
ADD; ID = 1635; TIME = 138600
ADD; ID = 1636; TIME = 121300
ADD; ID = 1637; TIME = 131000
ADD; ID = 1638; TIME = 109700
ADD; ID = 1639; TIME = 126700
ADD; ID = 1640; TIME = 138100
ADD; ID = 1641; TIME = 136100
ADD; ID = 1642; TIME = 144500
ADD; ID = 1643; TIME = 138000
ADD; ID = 1644; TIME = 120500
ADD; ID = 1645; TIME = 132000
ADD; ID = 1646; TIME = 130700
ADD; ID = 1647; TIME = 135000
ADD; ID = 1648; TIME = 140600
ADD; ID = 1649; TIME = 135200
ADD; ID = 1650; TIME = 117500
ADD; ID = 1651; TIME = 128900
ADD; ID = 1652; TIME = 140800
ADD; ID = 1653; TIME = 133100
ADD; ID = 1654; TIME = 125400
ADD; ID = 1655; TIME = 145200
ADD; ID = 1656; TIME = 138500
ADD; ID = 1657; TIME = 120400
ADD; ID = 1658; TIME = 126100
ADD; ID = 1659; TIME = 149200
ADD; ID = 1660; TIME = 128100
ADD; ID = 1661; TIME = 115700
ADD; ID = 1662; TIME = 129900
ADD; ID = 1663; TIME = 125100
ADD; ID = 1664; TIME = 111500
ADD; ID = 1665; TIME = 155300
ADD; ID = 1666; TIME = 165500
ADD; ID = 1667; TIME = 122500
ADD; ID = 1668; TIME = 117300
ADD; ID = 1669; TIME = 135400
ADD; ID = 1670; TIME = 128100
ADD; ID = 1671; TIME = 115000
ADD; ID = 1672; TIME = 139300
ADD; ID = 1673; TIME = 137100
ADD; ID = 1674; TIME = 150100
ADD; ID = 1675; TIME = 131600
ADD; ID = 1676; TIME = 114200
ADD; ID = 1677; TIME = 125400
ADD; ID = 1678; TIME = 108200
ADD; ID = 1679; TIME = 116000
ADD; ID = 1680; TIME = 126300
ADD; ID = 1681; TIME = 114200
ADD; ID = 1682; TIME = 135900
ADD; ID = 1683; TIME = 160400
ADD; ID = 1684; TIME = 126600
ADD; ID = 1685; TIME = 126700
ADD; ID = 1686; TIME = 120800
ADD; ID = 1687; TIME = 105200
ADD; ID = 1688; TIME = 124100
ADD; ID = 1689; TIME = 110800
ADD; ID = 1690; TIME = 119500
ADD; ID = 1691; TIME = 126800
ADD; ID = 1692; TIME = 108200
ADD; ID = 1693; TIME = 114700
ADD; ID = 1694; TIME = 115400
ADD; ID = 1695; TIME = 107800
ADD; ID = 1696; TIME = 133300
ADD; ID = 1697; TIME = 145700
ADD; ID = 1698; TIME = 150200
ADD; ID = 1699; TIME = 139200
ADD; ID = 1700; TIME = 122700
ADD; ID = 1701; TIME = 133800
ADD; ID = 1702; TIME = 110000
ADD; ID = 1703; TIME = 130100
ADD; ID = 1704; TIME = 163300
ADD; ID = 1705; TIME = 119400
ADD; ID = 1706; TIME = 143000
ADD; ID = 1707; TIME = 114600
ADD; ID = 1708; TIME = 135600
ADD; ID = 1709; TIME = 112200
ADD; ID = 1710; TIME = 128800
ADD; ID = 1711; TIME = 130900
ADD; ID = 1712; TIME = 143200
ADD; ID = 1713; TIME = 136800
ADD; ID = 1714; TIME = 147200
ADD; ID = 1715; TIME = 218200
ADD; ID = 1716; TIME = 114800
ADD; ID = 1717; TIME = 131000
ADD; ID = 1718; TIME = 163900
ADD; ID = 1719; TIME = 132500
ADD; ID = 1720; TIME = 125400
ADD; ID = 1721; TIME = 132200
ADD; ID = 1722; TIME = 120500
ADD; ID = 1723; TIME = 110600
ADD; ID = 1724; TIME = 112300
ADD; ID = 1725; TIME = 149000
ADD; ID = 1726; TIME = 140300
ADD; ID = 1727; TIME = 125500
ADD; ID = 1728; TIME = 117300
ADD; ID = 1729; TIME = 138800
ADD; ID = 1730; TIME = 138200
ADD; ID = 1731; TIME = 191500
ADD; ID = 1732; TIME = 134400
ADD; ID = 1733; TIME = 136800
ADD; ID = 1734; TIME = 133600
ADD; ID = 1735; TIME = 112500
ADD; ID = 1736; TIME = 112500
ADD; ID = 1737; TIME = 115600
ADD; ID = 1738; TIME = 123100
ADD; ID = 1739; TIME = 133000
ADD; ID = 1740; TIME = 123700
ADD; ID = 1741; TIME = 112000
ADD; ID = 1742; TIME = 115100
ADD; ID = 1743; TIME = 118600
ADD; ID = 1744; TIME = 151200
ADD; ID = 1745; TIME = 112600
ADD; ID = 1746; TIME = 126900
ADD; ID = 1747; TIME = 114400
ADD; ID = 1748; TIME = 134900
ADD; ID = 1749; TIME = 139600
ADD; ID = 1750; TIME = 101200
ADD; ID = 1751; TIME = 100400
ADD; ID = 1752; TIME = 141100
ADD; ID = 1753; TIME = 130600
ADD; ID = 1754; TIME = 132700
ADD; ID = 1755; TIME = 132300
ADD; ID = 1756; TIME = 131500
ADD; ID = 1757; TIME = 124500
ADD; ID = 1758; TIME = 144900
ADD; ID = 1759; TIME = 162400
ADD; ID = 1760; TIME = 137900
ADD; ID = 1761; TIME = 168100
ADD; ID = 1762; TIME = 155800
ADD; ID = 1763; TIME = 107000
ADD; ID = 1764; TIME = 128800
ADD; ID = 1765; TIME = 90400
ADD; ID = 1766; TIME = 138200
ADD; ID = 1767; TIME = 161200
ADD; ID = 1768; TIME = 110200
ADD; ID = 1769; TIME = 129500
ADD; ID = 1770; TIME = 117700
ADD; ID = 1771; TIME = 139000
ADD; ID = 1772; TIME = 124000
ADD; ID = 1773; TIME = 116600
ADD; ID = 1774; TIME = 149700
ADD; ID = 1775; TIME = 130000
ADD; ID = 1776; TIME = 124400
ADD; ID = 1777; TIME = 113800
ADD; ID = 1778; TIME = 103700
ADD; ID = 1779; TIME = 96000
ADD; ID = 1780; TIME = 110600
ADD; ID = 1781; TIME = 122700
ADD; ID = 1782; TIME = 146100
ADD; ID = 1783; TIME = 142800
ADD; ID = 1784; TIME = 118500
ADD; ID = 1785; TIME = 136700
ADD; ID = 1786; TIME = 107600
ADD; ID = 1787; TIME = 125800
ADD; ID = 1788; TIME = 155200
ADD; ID = 1789; TIME = 118800
ADD; ID = 1790; TIME = 132100
ADD; ID = 1791; TIME = 142200
ADD; ID = 1792; TIME = 127900
ADD; ID = 1793; TIME = 119200
ADD; ID = 1794; TIME = 115100
ADD; ID = 1795; TIME = 134300
ADD; ID = 1796; TIME = 140100
ADD; ID = 1797; TIME = 112000
ADD; ID = 1798; TIME = 114200
ADD; ID = 1799; TIME = 118100
ADD; ID = 1800; TIME = 125900
ADD; ID = 1801; TIME = 141000
ADD; ID = 1802; TIME = 125600
ADD; ID = 1803; TIME = 127000
ADD; ID = 1804; TIME = 140900
ADD; ID = 1805; TIME = 149900
ADD; ID = 1806; TIME = 129100
ADD; ID = 1807; TIME = 155400
ADD; ID = 1808; TIME = 135400
ADD; ID = 1809; TIME = 137600
ADD; ID = 1810; TIME = 126400
ADD; ID = 1811; TIME = 115400
ADD; ID = 1812; TIME = 133200
ADD; ID = 1813; TIME = 125000
ADD; ID = 1814; TIME = 135400
ADD; ID = 1815; TIME = 110100
ADD; ID = 1816; TIME = 129900
ADD; ID = 1817; TIME = 123400
ADD; ID = 1818; TIME = 113300
ADD; ID = 1819; TIME = 112900
ADD; ID = 1820; TIME = 118400
ADD; ID = 1821; TIME = 144300
ADD; ID = 1822; TIME = 106800
ADD; ID = 1823; TIME = 153300
ADD; ID = 1824; TIME = 152900
ADD; ID = 1825; TIME = 95800
ADD; ID = 1826; TIME = 135700
ADD; ID = 1827; TIME = 128100
ADD; ID = 1828; TIME = 134200
ADD; ID = 1829; TIME = 154800
ADD; ID = 1830; TIME = 152300
ADD; ID = 1831; TIME = 143100
ADD; ID = 1832; TIME = 118000
ADD; ID = 1833; TIME = 134200
ADD; ID = 1834; TIME = 116100
ADD; ID = 1835; TIME = 130700
ADD; ID = 1836; TIME = 131400
ADD; ID = 1837; TIME = 130200
ADD; ID = 1838; TIME = 126500
ADD; ID = 1839; TIME = 137500
ADD; ID = 1840; TIME = 121400
ADD; ID = 1841; TIME = 125300
ADD; ID = 1842; TIME = 119100
ADD; ID = 1843; TIME = 128900
ADD; ID = 1844; TIME = 166200
ADD; ID = 1845; TIME = 142600
ADD; ID = 1846; TIME = 119700
ADD; ID = 1847; TIME = 114100
ADD; ID = 1848; TIME = 128100
ADD; ID = 1849; TIME = 141600
ADD; ID = 1850; TIME = 165700
ADD; ID = 1851; TIME = 154700
ADD; ID = 1852; TIME = 144400
ADD; ID = 1853; TIME = 127900
ADD; ID = 1854; TIME = 139000
ADD; ID = 1855; TIME = 117700
ADD; ID = 1856; TIME = 134000
ADD; ID = 1857; TIME = 122700
ADD; ID = 1858; TIME = 115000
ADD; ID = 1859; TIME = 177700
ADD; ID = 1860; TIME = 137400
ADD; ID = 1861; TIME = 157100
ADD; ID = 1862; TIME = 96400
ADD; ID = 1863; TIME = 111100
ADD; ID = 1864; TIME = 111700
ADD; ID = 1865; TIME = 132200
ADD; ID = 1866; TIME = 136100
ADD; ID = 1867; TIME = 156900
ADD; ID = 1868; TIME = 116300
ADD; ID = 1869; TIME = 126400
ADD; ID = 1870; TIME = 193200
ADD; ID = 1871; TIME = 125400
ADD; ID = 1872; TIME = 143700
ADD; ID = 1873; TIME = 140200
ADD; ID = 1874; TIME = 103200
ADD; ID = 1875; TIME = 121100
ADD; ID = 1876; TIME = 123500
ADD; ID = 1877; TIME = 122800
ADD; ID = 1878; TIME = 117400
ADD; ID = 1879; TIME = 149400
ADD; ID = 1880; TIME = 163700
ADD; ID = 1881; TIME = 113600
ADD; ID = 1882; TIME = 122300
ADD; ID = 1883; TIME = 220500
ADD; ID = 1884; TIME = 187500
ADD; ID = 1885; TIME = 142700
ADD; ID = 1886; TIME = 140300
ADD; ID = 1887; TIME = 131400
ADD; ID = 1888; TIME = 135200
ADD; ID = 1889; TIME = 136700
ADD; ID = 1890; TIME = 111300
ADD; ID = 1891; TIME = 122800
ADD; ID = 1892; TIME = 118400
ADD; ID = 1893; TIME = 178000
ADD; ID = 1894; TIME = 151100
ADD; ID = 1895; TIME = 137800
ADD; ID = 1896; TIME = 109400
ADD; ID = 1897; TIME = 145900
ADD; ID = 1898; TIME = 142200
ADD; ID = 1899; TIME = 145600
ADD; ID = 1900; TIME = 138900
ADD; ID = 1901; TIME = 154200
ADD; ID = 1902; TIME = 110800
ADD; ID = 1903; TIME = 147500
ADD; ID = 1904; TIME = 141700
ADD; ID = 1905; TIME = 119000
ADD; ID = 1906; TIME = 124100
ADD; ID = 1907; TIME = 119000
ADD; ID = 1908; TIME = 139400
ADD; ID = 1909; TIME = 118300
ADD; ID = 1910; TIME = 148900
ADD; ID = 1911; TIME = 148700
ADD; ID = 1912; TIME = 148200
ADD; ID = 1913; TIME = 120700
ADD; ID = 1914; TIME = 145400
ADD; ID = 1915; TIME = 149600
ADD; ID = 1916; TIME = 162400
ADD; ID = 1917; TIME = 119700
ADD; ID = 1918; TIME = 110500
ADD; ID = 1919; TIME = 154100
ADD; ID = 1920; TIME = 129900
ADD; ID = 1921; TIME = 133200
ADD; ID = 1922; TIME = 124400
ADD; ID = 1923; TIME = 120700
ADD; ID = 1924; TIME = 146700
ADD; ID = 1925; TIME = 101700
ADD; ID = 1926; TIME = 120800
ADD; ID = 1927; TIME = 118900
ADD; ID = 1928; TIME = 114300
ADD; ID = 1929; TIME = 143100
ADD; ID = 1930; TIME = 144700
ADD; ID = 1931; TIME = 97600
ADD; ID = 1932; TIME = 124000
ADD; ID = 1933; TIME = 131500
ADD; ID = 1934; TIME = 140500
ADD; ID = 1935; TIME = 144200
ADD; ID = 1936; TIME = 153600
ADD; ID = 1937; TIME = 125200
ADD; ID = 1938; TIME = 132200
ADD; ID = 1939; TIME = 139700
ADD; ID = 1940; TIME = 135200
ADD; ID = 1941; TIME = 121800
ADD; ID = 1942; TIME = 144200
ADD; ID = 1943; TIME = 122200
ADD; ID = 1944; TIME = 139500
ADD; ID = 1945; TIME = 125000
ADD; ID = 1946; TIME = 146300
ADD; ID = 1947; TIME = 109900
ADD; ID = 1948; TIME = 123800
ADD; ID = 1949; TIME = 354000
ADD; ID = 1950; TIME = 120700
ADD; ID = 1951; TIME = 131700
ADD; ID = 1952; TIME = 123900
ADD; ID = 1953; TIME = 98600
ADD; ID = 1954; TIME = 144900
ADD; ID = 1955; TIME = 154400
ADD; ID = 1956; TIME = 122500
ADD; ID = 1957; TIME = 142300
ADD; ID = 1958; TIME = 133400
ADD; ID = 1959; TIME = 134700
ADD; ID = 1960; TIME = 136800
ADD; ID = 1961; TIME = 131800
ADD; ID = 1962; TIME = 133900
ADD; ID = 1963; TIME = 182200
ADD; ID = 1964; TIME = 133400
ADD; ID = 1965; TIME = 127800
ADD; ID = 1966; TIME = 134000
ADD; ID = 1967; TIME = 126700
ADD; ID = 1968; TIME = 138000
ADD; ID = 1969; TIME = 146300
ADD; ID = 1970; TIME = 161300
ADD; ID = 1971; TIME = 134000
ADD; ID = 1972; TIME = 144500
ADD; ID = 1973; TIME = 137300
ADD; ID = 1974; TIME = 114900
ADD; ID = 1975; TIME = 165500
ADD; ID = 1976; TIME = 152600
ADD; ID = 1977; TIME = 127200
ADD; ID = 1978; TIME = 132300
ADD; ID = 1979; TIME = 108800
ADD; ID = 1980; TIME = 138400
ADD; ID = 1981; TIME = 121800
ADD; ID = 1982; TIME = 124000
ADD; ID = 1983; TIME = 114200
ADD; ID = 1984; TIME = 117300
ADD; ID = 1985; TIME = 149800
ADD; ID = 1986; TIME = 114800
ADD; ID = 1987; TIME = 113700
ADD; ID = 1988; TIME = 131200
ADD; ID = 1989; TIME = 121200
ADD; ID = 1990; TIME = 127500
ADD; ID = 1991; TIME = 161100
ADD; ID = 1992; TIME = 140300
ADD; ID = 1993; TIME = 109800
ADD; ID = 1994; TIME = 116400
ADD; ID = 1995; TIME = 132800
ADD; ID = 1996; TIME = 132800
ADD; ID = 1997; TIME = 145300
ADD; ID = 1998; TIME = 145300
ADD; ID = 1999; TIME = 220400
ADD; ID = 2000; TIME = 100700
ADD; ID = 2001; TIME = 139300
ADD; ID = 2002; TIME = 121400
ADD; ID = 2003; TIME = 172300
ADD; ID = 2004; TIME = 137300
ADD; ID = 2005; TIME = 124800
ADD; ID = 2006; TIME = 138100
ADD; ID = 2007; TIME = 135400
ADD; ID = 2008; TIME = 112900
ADD; ID = 2009; TIME = 137700
ADD; ID = 2010; TIME = 126400
ADD; ID = 2011; TIME = 138100
ADD; ID = 2012; TIME = 116400
ADD; ID = 2013; TIME = 121300
ADD; ID = 2014; TIME = 127000
ADD; ID = 2015; TIME = 126800
ADD; ID = 2016; TIME = 120000
ADD; ID = 2017; TIME = 161500
ADD; ID = 2018; TIME = 164000
ADD; ID = 2019; TIME = 97500
ADD; ID = 2020; TIME = 145000
ADD; ID = 2021; TIME = 115500
ADD; ID = 2022; TIME = 110300
ADD; ID = 2023; TIME = 136300
ADD; ID = 2024; TIME = 140700
ADD; ID = 2025; TIME = 134600
ADD; ID = 2026; TIME = 117100
ADD; ID = 2027; TIME = 120100
ADD; ID = 2028; TIME = 138600
ADD; ID = 2029; TIME = 108400
ADD; ID = 2030; TIME = 116000
ADD; ID = 2031; TIME = 144600
ADD; ID = 2032; TIME = 130400
ADD; ID = 2033; TIME = 110100
ADD; ID = 2034; TIME = 118100
ADD; ID = 2035; TIME = 98200
ADD; ID = 2036; TIME = 145100
ADD; ID = 2037; TIME = 144900
ADD; ID = 2038; TIME = 125000
ADD; ID = 2039; TIME = 130700
ADD; ID = 2040; TIME = 122300
ADD; ID = 2041; TIME = 119300
ADD; ID = 2042; TIME = 116200
ADD; ID = 2043; TIME = 134200
ADD; ID = 2044; TIME = 134900
ADD; ID = 2045; TIME = 117200
ADD; ID = 2046; TIME = 118400
ADD; ID = 2047; TIME = 119500
ADD; ID = 2048; TIME = 112500
ADD; ID = 2049; TIME = 124500
ADD; ID = 2050; TIME = 135600
ADD; ID = 2051; TIME = 118200
ADD; ID = 2052; TIME = 135400
ADD; ID = 2053; TIME = 140100
ADD; ID = 2054; TIME = 132000
ADD; ID = 2055; TIME = 103300
ADD; ID = 2056; TIME = 119400
ADD; ID = 2057; TIME = 122000
ADD; ID = 2058; TIME = 129300
ADD; ID = 2059; TIME = 126100
ADD; ID = 2060; TIME = 130700
ADD; ID = 2061; TIME = 141300
ADD; ID = 2062; TIME = 133500
ADD; ID = 2063; TIME = 131000
ADD; ID = 2064; TIME = 129900
ADD; ID = 2065; TIME = 134700
ADD; ID = 2066; TIME = 133400
ADD; ID = 2067; TIME = 113000
ADD; ID = 2068; TIME = 135600
ADD; ID = 2069; TIME = 111900
ADD; ID = 2070; TIME = 150200
ADD; ID = 2071; TIME = 122000
ADD; ID = 2072; TIME = 173800
ADD; ID = 2073; TIME = 117500
ADD; ID = 2074; TIME = 143800
ADD; ID = 2075; TIME = 146800
ADD; ID = 2076; TIME = 134400
ADD; ID = 2077; TIME = 133600
ADD; ID = 2078; TIME = 120800
ADD; ID = 2079; TIME = 9697700
ADD; ID = 2080; TIME = 90800
ADD; ID = 2081; TIME = 86200
ADD; ID = 2082; TIME = 83200
ADD; ID = 2083; TIME = 95000
ADD; ID = 2084; TIME = 88900
ADD; ID = 2085; TIME = 83300
ADD; ID = 2086; TIME = 119800
ADD; ID = 2087; TIME = 83700
ADD; ID = 2088; TIME = 80700
ADD; ID = 2089; TIME = 106400
ADD; ID = 2090; TIME = 92800
ADD; ID = 2091; TIME = 100700
ADD; ID = 2092; TIME = 89300
ADD; ID = 2093; TIME = 107300
ADD; ID = 2094; TIME = 112300
ADD; ID = 2095; TIME = 84600
ADD; ID = 2096; TIME = 104900
ADD; ID = 2097; TIME = 104400
ADD; ID = 2098; TIME = 90000
ADD; ID = 2099; TIME = 103300
ADD; ID = 2100; TIME = 114100
ADD; ID = 2101; TIME = 97900
ADD; ID = 2102; TIME = 93700
ADD; ID = 2103; TIME = 113400
ADD; ID = 2104; TIME = 99000
ADD; ID = 2105; TIME = 111100
ADD; ID = 2106; TIME = 108800
ADD; ID = 2107; TIME = 95000
ADD; ID = 2108; TIME = 90800
ADD; ID = 2109; TIME = 88100
ADD; ID = 2110; TIME = 74000
ADD; ID = 2111; TIME = 77900
ADD; ID = 2112; TIME = 97600
ADD; ID = 2113; TIME = 88200
ADD; ID = 2114; TIME = 111800
ADD; ID = 2115; TIME = 97800
ADD; ID = 2116; TIME = 104400
ADD; ID = 2117; TIME = 82400
ADD; ID = 2118; TIME = 138800
ADD; ID = 2119; TIME = 76400
ADD; ID = 2120; TIME = 101500
ADD; ID = 2121; TIME = 72700
ADD; ID = 2122; TIME = 87500
ADD; ID = 2123; TIME = 98100
ADD; ID = 2124; TIME = 76500
ADD; ID = 2125; TIME = 98700
ADD; ID = 2126; TIME = 86000
ADD; ID = 2127; TIME = 88000
ADD; ID = 2128; TIME = 98800
ADD; ID = 2129; TIME = 81700
ADD; ID = 2130; TIME = 92800
ADD; ID = 2131; TIME = 102200
ADD; ID = 2132; TIME = 94800
ADD; ID = 2133; TIME = 88800
ADD; ID = 2134; TIME = 74600
ADD; ID = 2135; TIME = 96200
ADD; ID = 2136; TIME = 84900
ADD; ID = 2137; TIME = 88300
ADD; ID = 2138; TIME = 71600
ADD; ID = 2139; TIME = 87700
ADD; ID = 2140; TIME = 95100
ADD; ID = 2141; TIME = 81900
ADD; ID = 2142; TIME = 91300
ADD; ID = 2143; TIME = 93500
ADD; ID = 2144; TIME = 95000
ADD; ID = 2145; TIME = 99700
ADD; ID = 2146; TIME = 94000
ADD; ID = 2147; TIME = 79900
ADD; ID = 2148; TIME = 85500
ADD; ID = 2149; TIME = 79900
ADD; ID = 2150; TIME = 87000
ADD; ID = 2151; TIME = 100500
ADD; ID = 2152; TIME = 98800
ADD; ID = 2153; TIME = 71500
ADD; ID = 2154; TIME = 86400
ADD; ID = 2155; TIME = 85000
ADD; ID = 2156; TIME = 102300
ADD; ID = 2157; TIME = 94000
ADD; ID = 2158; TIME = 102500
ADD; ID = 2159; TIME = 85300
ADD; ID = 2160; TIME = 96500
ADD; ID = 2161; TIME = 94500
ADD; ID = 2162; TIME = 99200
ADD; ID = 2163; TIME = 85000
ADD; ID = 2164; TIME = 93800
ADD; ID = 2165; TIME = 96300
ADD; ID = 2166; TIME = 103100
ADD; ID = 2167; TIME = 87400
ADD; ID = 2168; TIME = 70200
ADD; ID = 2169; TIME = 89200
ADD; ID = 2170; TIME = 89800
ADD; ID = 2171; TIME = 75500
ADD; ID = 2172; TIME = 105400
ADD; ID = 2173; TIME = 78700
ADD; ID = 2174; TIME = 71700
ADD; ID = 2175; TIME = 86900
ADD; ID = 2176; TIME = 89100
ADD; ID = 2177; TIME = 106000
ADD; ID = 2178; TIME = 102100
ADD; ID = 2179; TIME = 92600
ADD; ID = 2180; TIME = 94300
ADD; ID = 2181; TIME = 69700
ADD; ID = 2182; TIME = 88500
ADD; ID = 2183; TIME = 73100
ADD; ID = 2184; TIME = 89300
ADD; ID = 2185; TIME = 79500
ADD; ID = 2186; TIME = 92800
ADD; ID = 2187; TIME = 85700
ADD; ID = 2188; TIME = 95500
ADD; ID = 2189; TIME = 101400
ADD; ID = 2190; TIME = 77100
ADD; ID = 2191; TIME = 85400
ADD; ID = 2192; TIME = 96500
ADD; ID = 2193; TIME = 87300
ADD; ID = 2194; TIME = 108800
ADD; ID = 2195; TIME = 91000
ADD; ID = 2196; TIME = 81000
ADD; ID = 2197; TIME = 94100
ADD; ID = 2198; TIME = 94100
ADD; ID = 2199; TIME = 93600
ADD; ID = 2200; TIME = 85400
ADD; ID = 2201; TIME = 80200
ADD; ID = 2202; TIME = 98800
ADD; ID = 2203; TIME = 88100
ADD; ID = 2204; TIME = 78200
ADD; ID = 2205; TIME = 111200
ADD; ID = 2206; TIME = 87900
ADD; ID = 2207; TIME = 88200
ADD; ID = 2208; TIME = 91100
ADD; ID = 2209; TIME = 84200
ADD; ID = 2210; TIME = 78400
ADD; ID = 2211; TIME = 77200
ADD; ID = 2212; TIME = 102600
ADD; ID = 2213; TIME = 90700
ADD; ID = 2214; TIME = 86700
ADD; ID = 2215; TIME = 89200
ADD; ID = 2216; TIME = 86500
ADD; ID = 2217; TIME = 96300
ADD; ID = 2218; TIME = 93300
ADD; ID = 2219; TIME = 99000
ADD; ID = 2220; TIME = 92400
ADD; ID = 2221; TIME = 95500
ADD; ID = 2222; TIME = 93000
ADD; ID = 2223; TIME = 97500
ADD; ID = 2224; TIME = 114600
ADD; ID = 2225; TIME = 105500
ADD; ID = 2226; TIME = 94200
ADD; ID = 2227; TIME = 89500
ADD; ID = 2228; TIME = 101000
ADD; ID = 2229; TIME = 102800
ADD; ID = 2230; TIME = 92700

Operation ADD Total count = 1000

Operation ADD Total time = 136262200

Operation ADD Medium time = 136262
REMOVE; ID = 283; TIME = 17700
REMOVE; ID = 221; TIME = 14700
REMOVE; ID = 258; TIME = 13300
REMOVE; ID = 989; TIME = 16900
REMOVE; ID = 186; TIME = 14200
REMOVE; ID = 529; TIME = 14900
REMOVE; ID = 19; TIME = 14900
REMOVE; ID = 297; TIME = 13400
REMOVE; ID = 265; TIME = 14000
REMOVE; ID = 361; TIME = 14200
REMOVE; ID = 551; TIME = 14100
REMOVE; ID = 434; TIME = 14300
REMOVE; ID = 474; TIME = 16000
REMOVE; ID = 393; TIME = 14400
REMOVE; ID = 280; TIME = 13100
REMOVE; ID = 734; TIME = 26300
REMOVE; ID = 160; TIME = 15700
REMOVE; ID = 481; TIME = 14300
REMOVE; ID = 826; TIME = 14200
REMOVE; ID = 768; TIME = 13700
REMOVE; ID = 471; TIME = 13500
REMOVE; ID = 155; TIME = 13000
REMOVE; ID = 191; TIME = 13600
REMOVE; ID = 767; TIME = 13300
REMOVE; ID = 903; TIME = 13400
REMOVE; ID = 858; TIME = 15000
REMOVE; ID = 498; TIME = 13400
REMOVE; ID = 707; TIME = 13000
REMOVE; ID = 488; TIME = 14500
REMOVE; ID = 353; TIME = 13400
REMOVE; ID = 54; TIME = 14100
REMOVE; ID = 754; TIME = 13800
REMOVE; ID = 162; TIME = 13500
REMOVE; ID = 597; TIME = 13400
REMOVE; ID = 759; TIME = 14300
REMOVE; ID = 707; TIME = 12000
REMOVE; ID = 402; TIME = 14800
REMOVE; ID = 850; TIME = 13600
REMOVE; ID = 859; TIME = 14600
REMOVE; ID = 457; TIME = 13900
REMOVE; ID = 775; TIME = 14200
REMOVE; ID = 552; TIME = 13500
REMOVE; ID = 937; TIME = 12400
REMOVE; ID = 921; TIME = 13200
REMOVE; ID = 678; TIME = 13400
REMOVE; ID = 374; TIME = 14000
REMOVE; ID = 907; TIME = 13300
REMOVE; ID = 928; TIME = 15500
REMOVE; ID = 663; TIME = 14200
REMOVE; ID = 437; TIME = 14300
REMOVE; ID = 447; TIME = 18400
REMOVE; ID = 28; TIME = 15000
REMOVE; ID = 110; TIME = 13700
REMOVE; ID = 581; TIME = 14300
REMOVE; ID = 131; TIME = 14200
REMOVE; ID = 49; TIME = 17200
REMOVE; ID = 199; TIME = 13500
REMOVE; ID = 830; TIME = 14400
REMOVE; ID = 567; TIME = 13500
REMOVE; ID = 912; TIME = 12600
REMOVE; ID = 907; TIME = 11200
REMOVE; ID = 534; TIME = 16400
REMOVE; ID = 539; TIME = 22600
REMOVE; ID = 711; TIME = 28600
REMOVE; ID = 775; TIME = 14900
REMOVE; ID = 371; TIME = 19100
REMOVE; ID = 233; TIME = 16000
REMOVE; ID = 639; TIME = 13600
REMOVE; ID = 304; TIME = 13200
REMOVE; ID = 862; TIME = 13400
REMOVE; ID = 175; TIME = 16400
REMOVE; ID = 688; TIME = 13900
REMOVE; ID = 376; TIME = 17800
REMOVE; ID = 44; TIME = 17700
REMOVE; ID = 736; TIME = 14500
REMOVE; ID = 888; TIME = 14700
REMOVE; ID = 654; TIME = 15100
REMOVE; ID = 425; TIME = 14300
REMOVE; ID = 462; TIME = 12700
REMOVE; ID = 504; TIME = 15300
REMOVE; ID = 656; TIME = 14400
REMOVE; ID = 332; TIME = 13400
REMOVE; ID = 47; TIME = 14500
REMOVE; ID = 247; TIME = 14700
REMOVE; ID = 687; TIME = 14800
REMOVE; ID = 257; TIME = 14300
REMOVE; ID = 255; TIME = 14000
REMOVE; ID = 304; TIME = 12500
REMOVE; ID = 407; TIME = 13800
REMOVE; ID = 372; TIME = 14300
REMOVE; ID = 851; TIME = 14300
REMOVE; ID = 692; TIME = 14100
REMOVE; ID = 458; TIME = 14200
REMOVE; ID = 102; TIME = 15300
REMOVE; ID = 121; TIME = 16000
REMOVE; ID = 631; TIME = 13900
REMOVE; ID = 290; TIME = 13000
REMOVE; ID = 870; TIME = 13200
REMOVE; ID = 126; TIME = 15800
REMOVE; ID = 696; TIME = 13900
REMOVE; ID = 839; TIME = 13400

Operation REMOVE Total count = 101

Operation REMOVE Total time = 1482400

Operation REMOVE Medium time = 14677
22:34:12 => 

Application closed
